<?xml version="1.0" encoding="UTF-8"?>
<robot generator="Robot 3.1.1 (Python 3.8.3 on win32)" generated="20200925 21:52:12.491" rpa="false">
<suite id="s1" name="Demo" source="C:\Users\User\PycharmProjects\RobotFrameWork\testcases\demo.robot">
<test id="s1-t1" name="Login Samsung Accout">
<kw name="Open Browser" library="SeleniumLibrary">
<doc>Opens a new browser instance to the given ``url``.</doc>
<arguments>
<arg>${url}</arg>
<arg>${BROWSER}</arg>
</arguments>
<msg timestamp="20200925 21:52:13.955" level="INFO">Opening browser 'Chrome' to base url 'https://account.samsung.com/accounts/v1/MBR/signInGate?locale=en_BD&amp;countryCode=BD&amp;goBackURL=https:%2F%2Faccount.samsung.com%2Fmembership%2Fintro&amp;returnURL=https:%2F%2Faccount.samsung.com%2Fmembership%2Fintro&amp;redirect_uri=https:%2F%2Faccount.samsung.com%2Fmbr-svc%2Fauth%2FregistAuthentication&amp;tokenType=OAUTH&amp;response_type=code&amp;client_id=k2jxgrvd6k&amp;state=dxrrsAGtGhFRNMDBTjOncHpEIapxHhNL'.</msg>
<kw name="Capture Page Screenshot" library="SeleniumLibrary">
<doc>Takes screenshot of the current page and embeds it into log file.</doc>
<msg timestamp="20200925 21:52:13.963" level="INFO">Cannot capture screenshot because no browser is open.</msg>
<status status="PASS" starttime="20200925 21:52:13.963" endtime="20200925 21:52:13.963"></status>
</kw>
<msg timestamp="20200925 21:52:14.099" level="FAIL">WebDriverException: Message: 'chromedriver' executable needs to be in PATH. Please see https://sites.google.com/a/chromium.org/chromedriver/home
</msg>
<status status="FAIL" starttime="20200925 21:52:13.955" endtime="20200925 21:52:14.099"></status>
</kw>
<status status="FAIL" starttime="20200925 21:52:13.955" endtime="20200925 21:52:14.099" critical="yes">WebDriverException: Message: 'chromedriver' executable needs to be in PATH. Please see https://sites.google.com/a/chromium.org/chromedriver/home
</status>
</test>
<status status="FAIL" starttime="20200925 21:52:12.491" endtime="20200925 21:52:14.107"></status>
</suite>
<statistics>
<total>
<stat pass="0" fail="1">Critical Tests</stat>
<stat pass="0" fail="1">All Tests</stat>
</total>
<tag>
</tag>
<suite>
<stat pass="0" fail="1" id="s1" name="Demo">Demo</stat>
</suite>
</statistics>
<errors>
</errors>
</robot>
