<?xml version="1.0" encoding="UTF-8"?>
<robot generator="Robot 3.1.1 (Python 3.8.3 on win32)" generated="20200927 22:19:07.456" rpa="false">
<suite id="s1" name="Datadrivendemo" source="C:\Users\User\PycharmProjects\RobotFrameWork\testcases\datadrivendemo.robot">
<kw name="open browser instance" type="setup">
<kw name="Open Browser" library="SeleniumLibrary">
<doc>Opens a new browser instance to the given ``url``.</doc>
<arguments>
<arg>https://demoqa.com/text-box</arg>
<arg>${BROWSER}</arg>
</arguments>
<msg timestamp="20200927 22:19:07.859" level="INFO">Opening browser 'ff' to base url 'https://demoqa.com/text-box'.</msg>
<status status="PASS" starttime="20200927 22:19:07.859" endtime="20200927 22:19:42.760"></status>
</kw>
<kw name="Maximize Browser Window" library="SeleniumLibrary">
<doc>Maximizes current browser window.</doc>
<status status="PASS" starttime="20200927 22:19:42.760" endtime="20200927 22:19:42.776"></status>
</kw>
<kw name="Set Browser Implicit Wait" library="SeleniumLibrary">
<doc>Sets the implicit wait value used by Selenium.</doc>
<arguments>
<arg>10</arg>
</arguments>
<status status="PASS" starttime="20200927 22:19:42.776" endtime="20200927 22:19:42.793"></status>
</kw>
<status status="PASS" starttime="20200927 22:19:07.858" endtime="20200927 22:19:42.794"></status>
</kw>
<test id="s1-t1" name="Data DrivenTest Demo">
<kw name="Submit TextBox">
<arguments>
<arg>${username}</arg>
<arg>${email}</arg>
<arg>${current_address}</arg>
<arg>${permanent_address}</arg>
</arguments>
<msg timestamp="20200927 22:19:42.798" level="FAIL">Variable '${username}' not found.</msg>
<status status="FAIL" starttime="20200927 22:19:42.795" endtime="20200927 22:19:42.799"></status>
</kw>
<status status="FAIL" starttime="20200927 22:19:42.794" endtime="20200927 22:19:42.800" critical="yes">Variable '${username}' not found.</status>
</test>
<test id="s1-t2" name="Data DrivenTest Demo">
<kw name="Submit TextBox">
<arguments>
<arg>${username}</arg>
<arg>${email}</arg>
<arg>${current_address}</arg>
<arg>${permanent_address}</arg>
</arguments>
<msg timestamp="20200927 22:19:42.806" level="FAIL">Variable '${username}' not found.</msg>
<status status="FAIL" starttime="20200927 22:19:42.804" endtime="20200927 22:19:42.806"></status>
</kw>
<status status="FAIL" starttime="20200927 22:19:42.803" endtime="20200927 22:19:42.807" critical="yes">Variable '${username}' not found.</status>
</test>
<test id="s1-t3" name="Data DrivenTest Demo">
<kw name="Submit TextBox">
<arguments>
<arg>${username}</arg>
<arg>${email}</arg>
<arg>${current_address}</arg>
<arg>${permanent_address}</arg>
</arguments>
<msg timestamp="20200927 22:19:42.811" level="FAIL">Variable '${username}' not found.</msg>
<status status="FAIL" starttime="20200927 22:19:42.810" endtime="20200927 22:19:42.811"></status>
</kw>
<status status="FAIL" starttime="20200927 22:19:42.809" endtime="20200927 22:19:42.812" critical="yes">Variable '${username}' not found.</status>
</test>
<test id="s1-t4" name="Data DrivenTest Demo">
<kw name="Submit TextBox">
<arguments>
<arg>${username}</arg>
<arg>${email}</arg>
<arg>${current_address}</arg>
<arg>${permanent_address}</arg>
</arguments>
<msg timestamp="20200927 22:19:42.819" level="FAIL">Variable '${username}' not found.</msg>
<status status="FAIL" starttime="20200927 22:19:42.817" endtime="20200927 22:19:42.819"></status>
</kw>
<status status="FAIL" starttime="20200927 22:19:42.816" endtime="20200927 22:19:42.820" critical="yes">Variable '${username}' not found.</status>
</test>
<kw name="close browser instance" type="teardown">
<kw name="Close Browser" library="SeleniumLibrary">
<doc>Closes the current browser.</doc>
<status status="PASS" starttime="20200927 22:19:42.823" endtime="20200927 22:19:45.238"></status>
</kw>
<status status="PASS" starttime="20200927 22:19:42.822" endtime="20200927 22:19:45.239"></status>
</kw>
<status status="FAIL" starttime="20200927 22:19:07.458" endtime="20200927 22:19:45.239"></status>
</suite>
<statistics>
<total>
<stat pass="0" fail="4">Critical Tests</stat>
<stat pass="0" fail="4">All Tests</stat>
</total>
<tag>
</tag>
<suite>
<stat pass="0" fail="4" id="s1" name="Datadrivendemo">Datadrivendemo</stat>
</suite>
</statistics>
<errors>
<msg timestamp="20200927 22:19:42.802" level="WARN">Multiple test cases with name 'Data DrivenTest Demo' executed in test suite 'Datadrivendemo'.</msg>
<msg timestamp="20200927 22:19:42.808" level="WARN">Multiple test cases with name 'Data DrivenTest Demo' executed in test suite 'Datadrivendemo'.</msg>
<msg timestamp="20200927 22:19:42.816" level="WARN">Multiple test cases with name 'Data DrivenTest Demo' executed in test suite 'Datadrivendemo'.</msg>
</errors>
</robot>
