<?xml version="1.0" encoding="UTF-8"?>
<robot generator="Robot 3.1.1 (Python 3.8.3 on win32)" generated="20200927 11:58:22.509" rpa="false">
<suite id="s1" name="Links" source="C:\Users\User\PycharmProjects\RobotFrameWork\testcases\links.robot">
<test id="s1-t1" name="Links Count">
<kw name="Open Browser" library="SeleniumLibrary">
<doc>Opens a new browser instance to the given ``url``.</doc>
<arguments>
<arg>https://www.google.com/search?safe=active&amp;sxsrf=ALeKk02uk3MIl2X3d9iuLKYm9FuzCgBXZQ%3A1601186251714&amp;source=hp&amp;ei=yylwX86xKcXhz7sPiLCmoA4&amp;q=learn+robot+framework+python&amp;oq=learn+robot+fram&amp;gs_lcp=CgZwc3ktYWIQARgBMgIIADICCAAyBggAEBYQHjIGCAAQFhAeOgQIIxAnOgUIABCRAjoFCAAQsQM6CAgAELEDEIMBOgUILhCxAzoJCCMQJxBGEP8BOggILhCxAxCTAjoCCC46BAguEAM6CAguEMcBEK8BOgUILhCTAjoHCCMQ6gIQJzoICC4QsQMQgwE6DgguELEDEMcBEKMCEJECOgsILhDHARCvARCRAjoHCAAQFBCHAjoFCC4QkQI6BAgAEApQ0QhYy11grnhoCXAAeACAAagCiAGVHJIBBjAuMjMuMpgBAKABAaoBB2d3cy13aXqwAQo&amp;sclient=psy-ab</arg>
<arg>gc</arg>
</arguments>
<msg timestamp="20200927 11:58:22.853" level="INFO">Opening browser 'gc' to base url 'https://www.google.com/search?safe=active&amp;sxsrf=ALeKk02uk3MIl2X3d9iuLKYm9FuzCgBXZQ%3A1601186251714&amp;source=hp&amp;ei=yylwX86xKcXhz7sPiLCmoA4&amp;q=learn+robot+framework+python&amp;oq=learn+robot+fram&amp;gs_lcp=CgZwc3ktYWIQARgBMgIIADICCAAyBggAEBYQHjIGCAAQFhAeOgQIIxAnOgUIABCRAjoFCAAQsQM6CAgAELEDEIMBOgUILhCxAzoJCCMQJxBGEP8BOggILhCxAxCTAjoCCC46BAguEAM6CAguEMcBEK8BOgUILhCTAjoHCCMQ6gIQJzoICC4QsQMQgwE6DgguELEDEMcBEKMCEJECOgsILhDHARCvARCRAjoHCAAQFBCHAjoFCC4QkQI6BAgAEApQ0QhYy11grnhoCXAAeACAAagCiAGVHJIBBjAuMjMuMpgBAKABAaoBB2d3cy13aXqwAQo&amp;sclient=psy-ab'.</msg>
<status status="PASS" starttime="20200927 11:58:22.853" endtime="20200927 11:58:29.052"></status>
</kw>
<kw name="Get Element Count" library="SeleniumLibrary">
<doc>Returns number of elements matching ``locator``.</doc>
<arguments>
<arg>xpath://a</arg>
</arguments>
<assign>
<var>${link_count}</var>
</assign>
<msg timestamp="20200927 11:58:29.096" level="INFO">${link_count} = 132</msg>
<status status="PASS" starttime="20200927 11:58:29.056" endtime="20200927 11:58:29.096"></status>
</kw>
<kw name="Log To Console" library="BuiltIn">
<doc>Logs the given message to the console.</doc>
<arguments>
<arg>${link_count}</arg>
</arguments>
<status status="PASS" starttime="20200927 11:58:29.096" endtime="20200927 11:58:29.096"></status>
</kw>
<kw name="${i} IN RANGE [ 1 | ${link_count} ]" type="for">
<kw name="${i} = 1" type="foritem">
<kw name="Log To Console" library="BuiltIn">
<doc>Logs the given message to the console.</doc>
<arguments>
<arg>${i}</arg>
</arguments>
<status status="PASS" starttime="20200927 11:58:29.100" endtime="20200927 11:58:29.100"></status>
</kw>
<kw name="Get Text" library="SeleniumLibrary">
<doc>Returns the text value of element identified by ``locator``.</doc>
<arguments>
<arg>xpath:(//a)[${i}]</arg>
</arguments>
<assign>
<var>${LinkText}</var>
</assign>
<msg timestamp="20200927 11:58:29.374" level="INFO">${LinkText} = সরাসরি আসল কন্টেন্টে যান</msg>
<status status="PASS" starttime="20200927 11:58:29.100" endtime="20200927 11:58:29.374"></status>
</kw>
<kw name="Log To Console" library="BuiltIn">
<doc>Logs the given message to the console.</doc>
<arguments>
<arg>${LinkText}</arg>
</arguments>
<status status="PASS" starttime="20200927 11:58:29.374" endtime="20200927 11:58:29.374"></status>
</kw>
<status status="PASS" starttime="20200927 11:58:29.100" endtime="20200927 11:58:29.374"></status>
</kw>
<kw name="${i} = 2" type="foritem">
<kw name="Log To Console" library="BuiltIn">
<doc>Logs the given message to the console.</doc>
<arguments>
<arg>${i}</arg>
</arguments>
<status status="PASS" starttime="20200927 11:58:29.374" endtime="20200927 11:58:29.374"></status>
</kw>
<kw name="Get Text" library="SeleniumLibrary">
<doc>Returns the text value of element identified by ``locator``.</doc>
<arguments>
<arg>xpath:(//a)[${i}]</arg>
</arguments>
<assign>
<var>${LinkText}</var>
</assign>
<msg timestamp="20200927 11:58:29.416" level="INFO">${LinkText} = অ্যাক্সেসিবিলিটির ক্ষেত্রে সহায়তা</msg>
<status status="PASS" starttime="20200927 11:58:29.374" endtime="20200927 11:58:29.416"></status>
</kw>
<kw name="Log To Console" library="BuiltIn">
<doc>Logs the given message to the console.</doc>
<arguments>
<arg>${LinkText}</arg>
</arguments>
<status status="PASS" starttime="20200927 11:58:29.416" endtime="20200927 11:58:29.416"></status>
</kw>
<status status="PASS" starttime="20200927 11:58:29.374" endtime="20200927 11:58:29.416"></status>
</kw>
<kw name="${i} = 3" type="foritem">
<kw name="Log To Console" library="BuiltIn">
<doc>Logs the given message to the console.</doc>
<arguments>
<arg>${i}</arg>
</arguments>
<status status="PASS" starttime="20200927 11:58:29.416" endtime="20200927 11:58:29.416"></status>
</kw>
<kw name="Get Text" library="SeleniumLibrary">
<doc>Returns the text value of element identified by ``locator``.</doc>
<arguments>
<arg>xpath:(//a)[${i}]</arg>
</arguments>
<assign>
<var>${LinkText}</var>
</assign>
<msg timestamp="20200927 11:58:29.464" level="INFO">${LinkText} = অ্যাক্সেসিবিলিটির বিষয়ে মতামত</msg>
<status status="PASS" starttime="20200927 11:58:29.416" endtime="20200927 11:58:29.464"></status>
</kw>
<kw name="Log To Console" library="BuiltIn">
<doc>Logs the given message to the console.</doc>
<arguments>
<arg>${LinkText}</arg>
</arguments>
<status status="PASS" starttime="20200927 11:58:29.464" endtime="20200927 11:58:29.464"></status>
</kw>
<status status="PASS" starttime="20200927 11:58:29.416" endtime="20200927 11:58:29.464"></status>
</kw>
<kw name="${i} = 4" type="foritem">
<kw name="Log To Console" library="BuiltIn">
<doc>Logs the given message to the console.</doc>
<arguments>
<arg>${i}</arg>
</arguments>
<status status="PASS" starttime="20200927 11:58:29.464" endtime="20200927 11:58:29.464"></status>
</kw>
<kw name="Get Text" library="SeleniumLibrary">
<doc>Returns the text value of element identified by ``locator``.</doc>
<arguments>
<arg>xpath:(//a)[${i}]</arg>
</arguments>
<assign>
<var>${LinkText}</var>
</assign>
<msg timestamp="20200927 11:58:29.504" level="INFO">${LinkText} = </msg>
<status status="PASS" starttime="20200927 11:58:29.464" endtime="20200927 11:58:29.504"></status>
</kw>
<kw name="Log To Console" library="BuiltIn">
<doc>Logs the given message to the console.</doc>
<arguments>
<arg>${LinkText}</arg>
</arguments>
<status status="PASS" starttime="20200927 11:58:29.504" endtime="20200927 11:58:29.504"></status>
</kw>
<status status="PASS" starttime="20200927 11:58:29.464" endtime="20200927 11:58:29.504"></status>
</kw>
<kw name="${i} = 5" type="foritem">
<kw name="Log To Console" library="BuiltIn">
<doc>Logs the given message to the console.</doc>
<arguments>
<arg>${i}</arg>
</arguments>
<status status="PASS" starttime="20200927 11:58:29.504" endtime="20200927 11:58:29.504"></status>
</kw>
<kw name="Get Text" library="SeleniumLibrary">
<doc>Returns the text value of element identified by ``locator``.</doc>
<arguments>
<arg>xpath:(//a)[${i}]</arg>
</arguments>
<assign>
<var>${LinkText}</var>
</assign>
<msg timestamp="20200927 11:58:29.552" level="INFO">${LinkText} = সাইন-ইন করুন</msg>
<status status="PASS" starttime="20200927 11:58:29.504" endtime="20200927 11:58:29.552"></status>
</kw>
<kw name="Log To Console" library="BuiltIn">
<doc>Logs the given message to the console.</doc>
<arguments>
<arg>${LinkText}</arg>
</arguments>
<status status="PASS" starttime="20200927 11:58:29.552" endtime="20200927 11:58:29.552"></status>
</kw>
<status status="PASS" starttime="20200927 11:58:29.504" endtime="20200927 11:58:29.552"></status>
</kw>
<kw name="${i} = 6" type="foritem">
<kw name="Log To Console" library="BuiltIn">
<doc>Logs the given message to the console.</doc>
<arguments>
<arg>${i}</arg>
</arguments>
<status status="PASS" starttime="20200927 11:58:29.552" endtime="20200927 11:58:29.552"></status>
</kw>
<kw name="Get Text" library="SeleniumLibrary">
<doc>Returns the text value of element identified by ``locator``.</doc>
<arguments>
<arg>xpath:(//a)[${i}]</arg>
</arguments>
<assign>
<var>${LinkText}</var>
</assign>
<msg timestamp="20200927 11:58:29.592" level="INFO">${LinkText} = </msg>
<status status="PASS" starttime="20200927 11:58:29.552" endtime="20200927 11:58:29.592"></status>
</kw>
<kw name="Log To Console" library="BuiltIn">
<doc>Logs the given message to the console.</doc>
<arguments>
<arg>${LinkText}</arg>
</arguments>
<status status="PASS" starttime="20200927 11:58:29.592" endtime="20200927 11:58:29.592"></status>
</kw>
<status status="PASS" starttime="20200927 11:58:29.552" endtime="20200927 11:58:29.592"></status>
</kw>
<kw name="${i} = 7" type="foritem">
<kw name="Log To Console" library="BuiltIn">
<doc>Logs the given message to the console.</doc>
<arguments>
<arg>${i}</arg>
</arguments>
<status status="PASS" starttime="20200927 11:58:29.592" endtime="20200927 11:58:29.592"></status>
</kw>
<kw name="Get Text" library="SeleniumLibrary">
<doc>Returns the text value of element identified by ``locator``.</doc>
<arguments>
<arg>xpath:(//a)[${i}]</arg>
</arguments>
<assign>
<var>${LinkText}</var>
</assign>
<msg timestamp="20200927 11:58:29.632" level="INFO">${LinkText} = </msg>
<status status="PASS" starttime="20200927 11:58:29.592" endtime="20200927 11:58:29.632"></status>
</kw>
<kw name="Log To Console" library="BuiltIn">
<doc>Logs the given message to the console.</doc>
<arguments>
<arg>${LinkText}</arg>
</arguments>
<status status="PASS" starttime="20200927 11:58:29.632" endtime="20200927 11:58:29.632"></status>
</kw>
<status status="PASS" starttime="20200927 11:58:29.592" endtime="20200927 11:58:29.632"></status>
</kw>
<kw name="${i} = 8" type="foritem">
<kw name="Log To Console" library="BuiltIn">
<doc>Logs the given message to the console.</doc>
<arguments>
<arg>${i}</arg>
</arguments>
<status status="PASS" starttime="20200927 11:58:29.632" endtime="20200927 11:58:29.632"></status>
</kw>
<kw name="Get Text" library="SeleniumLibrary">
<doc>Returns the text value of element identified by ``locator``.</doc>
<arguments>
<arg>xpath:(//a)[${i}]</arg>
</arguments>
<assign>
<var>${LinkText}</var>
</assign>
<msg timestamp="20200927 11:58:29.680" level="INFO">${LinkText} = ভিডিও</msg>
<status status="PASS" starttime="20200927 11:58:29.632" endtime="20200927 11:58:29.680"></status>
</kw>
<kw name="Log To Console" library="BuiltIn">
<doc>Logs the given message to the console.</doc>
<arguments>
<arg>${LinkText}</arg>
</arguments>
<status status="PASS" starttime="20200927 11:58:29.680" endtime="20200927 11:58:29.680"></status>
</kw>
<status status="PASS" starttime="20200927 11:58:29.632" endtime="20200927 11:58:29.680"></status>
</kw>
<kw name="${i} = 9" type="foritem">
<kw name="Log To Console" library="BuiltIn">
<doc>Logs the given message to the console.</doc>
<arguments>
<arg>${i}</arg>
</arguments>
<status status="PASS" starttime="20200927 11:58:29.680" endtime="20200927 11:58:29.680"></status>
</kw>
<kw name="Get Text" library="SeleniumLibrary">
<doc>Returns the text value of element identified by ``locator``.</doc>
<arguments>
<arg>xpath:(//a)[${i}]</arg>
</arguments>
<assign>
<var>${LinkText}</var>
</assign>
<msg timestamp="20200927 11:58:29.720" level="INFO">${LinkText} = ছবি</msg>
<status status="PASS" starttime="20200927 11:58:29.680" endtime="20200927 11:58:29.720"></status>
</kw>
<kw name="Log To Console" library="BuiltIn">
<doc>Logs the given message to the console.</doc>
<arguments>
<arg>${LinkText}</arg>
</arguments>
<status status="PASS" starttime="20200927 11:58:29.720" endtime="20200927 11:58:29.720"></status>
</kw>
<status status="PASS" starttime="20200927 11:58:29.680" endtime="20200927 11:58:29.720"></status>
</kw>
<kw name="${i} = 10" type="foritem">
<kw name="Log To Console" library="BuiltIn">
<doc>Logs the given message to the console.</doc>
<arguments>
<arg>${i}</arg>
</arguments>
<status status="PASS" starttime="20200927 11:58:29.720" endtime="20200927 11:58:29.728"></status>
</kw>
<kw name="Get Text" library="SeleniumLibrary">
<doc>Returns the text value of element identified by ``locator``.</doc>
<arguments>
<arg>xpath:(//a)[${i}]</arg>
</arguments>
<assign>
<var>${LinkText}</var>
</assign>
<msg timestamp="20200927 11:58:29.768" level="INFO">${LinkText} = News</msg>
<status status="PASS" starttime="20200927 11:58:29.728" endtime="20200927 11:58:29.768"></status>
</kw>
<kw name="Log To Console" library="BuiltIn">
<doc>Logs the given message to the console.</doc>
<arguments>
<arg>${LinkText}</arg>
</arguments>
<status status="PASS" starttime="20200927 11:58:29.768" endtime="20200927 11:58:29.768"></status>
</kw>
<status status="PASS" starttime="20200927 11:58:29.720" endtime="20200927 11:58:29.768"></status>
</kw>
<kw name="${i} = 11" type="foritem">
<kw name="Log To Console" library="BuiltIn">
<doc>Logs the given message to the console.</doc>
<arguments>
<arg>${i}</arg>
</arguments>
<status status="PASS" starttime="20200927 11:58:29.768" endtime="20200927 11:58:29.768"></status>
</kw>
<kw name="Get Text" library="SeleniumLibrary">
<doc>Returns the text value of element identified by ``locator``.</doc>
<arguments>
<arg>xpath:(//a)[${i}]</arg>
</arguments>
<assign>
<var>${LinkText}</var>
</assign>
<msg timestamp="20200927 11:58:29.811" level="INFO">${LinkText} = আরও</msg>
<status status="PASS" starttime="20200927 11:58:29.768" endtime="20200927 11:58:29.811"></status>
</kw>
<kw name="Log To Console" library="BuiltIn">
<doc>Logs the given message to the console.</doc>
<arguments>
<arg>${LinkText}</arg>
</arguments>
<status status="PASS" starttime="20200927 11:58:29.811" endtime="20200927 11:58:29.811"></status>
</kw>
<status status="PASS" starttime="20200927 11:58:29.768" endtime="20200927 11:58:29.811"></status>
</kw>
<kw name="${i} = 12" type="foritem">
<kw name="Log To Console" library="BuiltIn">
<doc>Logs the given message to the console.</doc>
<arguments>
<arg>${i}</arg>
</arguments>
<status status="PASS" starttime="20200927 11:58:29.811" endtime="20200927 11:58:29.819"></status>
</kw>
<kw name="Get Text" library="SeleniumLibrary">
<doc>Returns the text value of element identified by ``locator``.</doc>
<arguments>
<arg>xpath:(//a)[${i}]</arg>
</arguments>
<assign>
<var>${LinkText}</var>
</assign>
<msg timestamp="20200927 11:58:29.859" level="INFO">${LinkText} = </msg>
<status status="PASS" starttime="20200927 11:58:29.819" endtime="20200927 11:58:29.859"></status>
</kw>
<kw name="Log To Console" library="BuiltIn">
<doc>Logs the given message to the console.</doc>
<arguments>
<arg>${LinkText}</arg>
</arguments>
<status status="PASS" starttime="20200927 11:58:29.859" endtime="20200927 11:58:29.859"></status>
</kw>
<status status="PASS" starttime="20200927 11:58:29.811" endtime="20200927 11:58:29.859"></status>
</kw>
<kw name="${i} = 13" type="foritem">
<kw name="Log To Console" library="BuiltIn">
<doc>Logs the given message to the console.</doc>
<arguments>
<arg>${i}</arg>
</arguments>
<status status="PASS" starttime="20200927 11:58:29.859" endtime="20200927 11:58:29.859"></status>
</kw>
<kw name="Get Text" library="SeleniumLibrary">
<doc>Returns the text value of element identified by ``locator``.</doc>
<arguments>
<arg>xpath:(//a)[${i}]</arg>
</arguments>
<assign>
<var>${LinkText}</var>
</assign>
<msg timestamp="20200927 11:58:29.899" level="INFO">${LinkText} = </msg>
<status status="PASS" starttime="20200927 11:58:29.859" endtime="20200927 11:58:29.899"></status>
</kw>
<kw name="Log To Console" library="BuiltIn">
<doc>Logs the given message to the console.</doc>
<arguments>
<arg>${LinkText}</arg>
</arguments>
<status status="PASS" starttime="20200927 11:58:29.899" endtime="20200927 11:58:29.899"></status>
</kw>
<status status="PASS" starttime="20200927 11:58:29.859" endtime="20200927 11:58:29.899"></status>
</kw>
<kw name="${i} = 14" type="foritem">
<kw name="Log To Console" library="BuiltIn">
<doc>Logs the given message to the console.</doc>
<arguments>
<arg>${i}</arg>
</arguments>
<status status="PASS" starttime="20200927 11:58:29.899" endtime="20200927 11:58:29.899"></status>
</kw>
<kw name="Get Text" library="SeleniumLibrary">
<doc>Returns the text value of element identified by ``locator``.</doc>
<arguments>
<arg>xpath:(//a)[${i}]</arg>
</arguments>
<assign>
<var>${LinkText}</var>
</assign>
<msg timestamp="20200927 11:58:29.947" level="INFO">${LinkText} = </msg>
<status status="PASS" starttime="20200927 11:58:29.899" endtime="20200927 11:58:29.947"></status>
</kw>
<kw name="Log To Console" library="BuiltIn">
<doc>Logs the given message to the console.</doc>
<arguments>
<arg>${LinkText}</arg>
</arguments>
<status status="PASS" starttime="20200927 11:58:29.947" endtime="20200927 11:58:29.947"></status>
</kw>
<status status="PASS" starttime="20200927 11:58:29.899" endtime="20200927 11:58:29.947"></status>
</kw>
<kw name="${i} = 15" type="foritem">
<kw name="Log To Console" library="BuiltIn">
<doc>Logs the given message to the console.</doc>
<arguments>
<arg>${i}</arg>
</arguments>
<status status="PASS" starttime="20200927 11:58:29.947" endtime="20200927 11:58:29.947"></status>
</kw>
<kw name="Get Text" library="SeleniumLibrary">
<doc>Returns the text value of element identified by ``locator``.</doc>
<arguments>
<arg>xpath:(//a)[${i}]</arg>
</arguments>
<assign>
<var>${LinkText}</var>
</assign>
<msg timestamp="20200927 11:58:29.987" level="INFO">${LinkText} = সেটিংস</msg>
<status status="PASS" starttime="20200927 11:58:29.947" endtime="20200927 11:58:29.987"></status>
</kw>
<kw name="Log To Console" library="BuiltIn">
<doc>Logs the given message to the console.</doc>
<arguments>
<arg>${LinkText}</arg>
</arguments>
<status status="PASS" starttime="20200927 11:58:29.987" endtime="20200927 11:58:29.987"></status>
</kw>
<status status="PASS" starttime="20200927 11:58:29.947" endtime="20200927 11:58:29.987"></status>
</kw>
<kw name="${i} = 16" type="foritem">
<kw name="Log To Console" library="BuiltIn">
<doc>Logs the given message to the console.</doc>
<arguments>
<arg>${i}</arg>
</arguments>
<status status="PASS" starttime="20200927 11:58:29.987" endtime="20200927 11:58:29.987"></status>
</kw>
<kw name="Get Text" library="SeleniumLibrary">
<doc>Returns the text value of element identified by ``locator``.</doc>
<arguments>
<arg>xpath:(//a)[${i}]</arg>
</arguments>
<assign>
<var>${LinkText}</var>
</assign>
<msg timestamp="20200927 11:58:30.027" level="INFO">${LinkText} = </msg>
<status status="PASS" starttime="20200927 11:58:29.987" endtime="20200927 11:58:30.027"></status>
</kw>
<kw name="Log To Console" library="BuiltIn">
<doc>Logs the given message to the console.</doc>
<arguments>
<arg>${LinkText}</arg>
</arguments>
<status status="PASS" starttime="20200927 11:58:30.027" endtime="20200927 11:58:30.027"></status>
</kw>
<status status="PASS" starttime="20200927 11:58:29.987" endtime="20200927 11:58:30.027"></status>
</kw>
<kw name="${i} = 17" type="foritem">
<kw name="Log To Console" library="BuiltIn">
<doc>Logs the given message to the console.</doc>
<arguments>
<arg>${i}</arg>
</arguments>
<status status="PASS" starttime="20200927 11:58:30.027" endtime="20200927 11:58:30.027"></status>
</kw>
<kw name="Get Text" library="SeleniumLibrary">
<doc>Returns the text value of element identified by ``locator``.</doc>
<arguments>
<arg>xpath:(//a)[${i}]</arg>
</arguments>
<assign>
<var>${LinkText}</var>
</assign>
<msg timestamp="20200927 11:58:30.067" level="INFO">${LinkText} = </msg>
<status status="PASS" starttime="20200927 11:58:30.027" endtime="20200927 11:58:30.067"></status>
</kw>
<kw name="Log To Console" library="BuiltIn">
<doc>Logs the given message to the console.</doc>
<arguments>
<arg>${LinkText}</arg>
</arguments>
<status status="PASS" starttime="20200927 11:58:30.067" endtime="20200927 11:58:30.067"></status>
</kw>
<status status="PASS" starttime="20200927 11:58:30.027" endtime="20200927 11:58:30.067"></status>
</kw>
<kw name="${i} = 18" type="foritem">
<kw name="Log To Console" library="BuiltIn">
<doc>Logs the given message to the console.</doc>
<arguments>
<arg>${i}</arg>
</arguments>
<status status="PASS" starttime="20200927 11:58:30.067" endtime="20200927 11:58:30.075"></status>
</kw>
<kw name="Get Text" library="SeleniumLibrary">
<doc>Returns the text value of element identified by ``locator``.</doc>
<arguments>
<arg>xpath:(//a)[${i}]</arg>
</arguments>
<assign>
<var>${LinkText}</var>
</assign>
<msg timestamp="20200927 11:58:30.115" level="INFO">${LinkText} = </msg>
<status status="PASS" starttime="20200927 11:58:30.075" endtime="20200927 11:58:30.115"></status>
</kw>
<kw name="Log To Console" library="BuiltIn">
<doc>Logs the given message to the console.</doc>
<arguments>
<arg>${LinkText}</arg>
</arguments>
<status status="PASS" starttime="20200927 11:58:30.115" endtime="20200927 11:58:30.115"></status>
</kw>
<status status="PASS" starttime="20200927 11:58:30.067" endtime="20200927 11:58:30.115"></status>
</kw>
<kw name="${i} = 19" type="foritem">
<kw name="Log To Console" library="BuiltIn">
<doc>Logs the given message to the console.</doc>
<arguments>
<arg>${i}</arg>
</arguments>
<status status="PASS" starttime="20200927 11:58:30.115" endtime="20200927 11:58:30.115"></status>
</kw>
<kw name="Get Text" library="SeleniumLibrary">
<doc>Returns the text value of element identified by ``locator``.</doc>
<arguments>
<arg>xpath:(//a)[${i}]</arg>
</arguments>
<assign>
<var>${LinkText}</var>
</assign>
<msg timestamp="20200927 11:58:30.155" level="INFO">${LinkText} = </msg>
<status status="PASS" starttime="20200927 11:58:30.115" endtime="20200927 11:58:30.155"></status>
</kw>
<kw name="Log To Console" library="BuiltIn">
<doc>Logs the given message to the console.</doc>
<arguments>
<arg>${LinkText}</arg>
</arguments>
<status status="PASS" starttime="20200927 11:58:30.155" endtime="20200927 11:58:30.157"></status>
</kw>
<status status="PASS" starttime="20200927 11:58:30.115" endtime="20200927 11:58:30.157"></status>
</kw>
<kw name="${i} = 20" type="foritem">
<kw name="Log To Console" library="BuiltIn">
<doc>Logs the given message to the console.</doc>
<arguments>
<arg>${i}</arg>
</arguments>
<status status="PASS" starttime="20200927 11:58:30.157" endtime="20200927 11:58:30.157"></status>
</kw>
<kw name="Get Text" library="SeleniumLibrary">
<doc>Returns the text value of element identified by ``locator``.</doc>
<arguments>
<arg>xpath:(//a)[${i}]</arg>
</arguments>
<assign>
<var>${LinkText}</var>
</assign>
<msg timestamp="20200927 11:58:30.197" level="INFO">${LinkText} = </msg>
<status status="PASS" starttime="20200927 11:58:30.157" endtime="20200927 11:58:30.197"></status>
</kw>
<kw name="Log To Console" library="BuiltIn">
<doc>Logs the given message to the console.</doc>
<arguments>
<arg>${LinkText}</arg>
</arguments>
<status status="PASS" starttime="20200927 11:58:30.197" endtime="20200927 11:58:30.197"></status>
</kw>
<status status="PASS" starttime="20200927 11:58:30.157" endtime="20200927 11:58:30.197"></status>
</kw>
<kw name="${i} = 21" type="foritem">
<kw name="Log To Console" library="BuiltIn">
<doc>Logs the given message to the console.</doc>
<arguments>
<arg>${i}</arg>
</arguments>
<status status="PASS" starttime="20200927 11:58:30.197" endtime="20200927 11:58:30.197"></status>
</kw>
<kw name="Get Text" library="SeleniumLibrary">
<doc>Returns the text value of element identified by ``locator``.</doc>
<arguments>
<arg>xpath:(//a)[${i}]</arg>
</arguments>
<assign>
<var>${LinkText}</var>
</assign>
<msg timestamp="20200927 11:58:30.237" level="INFO">${LinkText} = </msg>
<status status="PASS" starttime="20200927 11:58:30.197" endtime="20200927 11:58:30.237"></status>
</kw>
<kw name="Log To Console" library="BuiltIn">
<doc>Logs the given message to the console.</doc>
<arguments>
<arg>${LinkText}</arg>
</arguments>
<status status="PASS" starttime="20200927 11:58:30.237" endtime="20200927 11:58:30.237"></status>
</kw>
<status status="PASS" starttime="20200927 11:58:30.197" endtime="20200927 11:58:30.237"></status>
</kw>
<kw name="${i} = 22" type="foritem">
<kw name="Log To Console" library="BuiltIn">
<doc>Logs the given message to the console.</doc>
<arguments>
<arg>${i}</arg>
</arguments>
<status status="PASS" starttime="20200927 11:58:30.237" endtime="20200927 11:58:30.237"></status>
</kw>
<kw name="Get Text" library="SeleniumLibrary">
<doc>Returns the text value of element identified by ``locator``.</doc>
<arguments>
<arg>xpath:(//a)[${i}]</arg>
</arguments>
<assign>
<var>${LinkText}</var>
</assign>
<msg timestamp="20200927 11:58:30.277" level="INFO">${LinkText} = </msg>
<status status="PASS" starttime="20200927 11:58:30.237" endtime="20200927 11:58:30.277"></status>
</kw>
<kw name="Log To Console" library="BuiltIn">
<doc>Logs the given message to the console.</doc>
<arguments>
<arg>${LinkText}</arg>
</arguments>
<status status="PASS" starttime="20200927 11:58:30.277" endtime="20200927 11:58:30.277"></status>
</kw>
<status status="PASS" starttime="20200927 11:58:30.237" endtime="20200927 11:58:30.277"></status>
</kw>
<kw name="${i} = 23" type="foritem">
<kw name="Log To Console" library="BuiltIn">
<doc>Logs the given message to the console.</doc>
<arguments>
<arg>${i}</arg>
</arguments>
<status status="PASS" starttime="20200927 11:58:30.277" endtime="20200927 11:58:30.277"></status>
</kw>
<kw name="Get Text" library="SeleniumLibrary">
<doc>Returns the text value of element identified by ``locator``.</doc>
<arguments>
<arg>xpath:(//a)[${i}]</arg>
</arguments>
<assign>
<var>${LinkText}</var>
</assign>
<msg timestamp="20200927 11:58:30.317" level="INFO">${LinkText} = টুল</msg>
<status status="PASS" starttime="20200927 11:58:30.277" endtime="20200927 11:58:30.317"></status>
</kw>
<kw name="Log To Console" library="BuiltIn">
<doc>Logs the given message to the console.</doc>
<arguments>
<arg>${LinkText}</arg>
</arguments>
<status status="PASS" starttime="20200927 11:58:30.317" endtime="20200927 11:58:30.317"></status>
</kw>
<status status="PASS" starttime="20200927 11:58:30.277" endtime="20200927 11:58:30.317"></status>
</kw>
<kw name="${i} = 24" type="foritem">
<kw name="Log To Console" library="BuiltIn">
<doc>Logs the given message to the console.</doc>
<arguments>
<arg>${i}</arg>
</arguments>
<status status="PASS" starttime="20200927 11:58:30.317" endtime="20200927 11:58:30.325"></status>
</kw>
<kw name="Get Text" library="SeleniumLibrary">
<doc>Returns the text value of element identified by ``locator``.</doc>
<arguments>
<arg>xpath:(//a)[${i}]</arg>
</arguments>
<assign>
<var>${LinkText}</var>
</assign>
<msg timestamp="20200927 11:58:30.365" level="INFO">${LinkText} = নিরাপদ সার্চ চালু</msg>
<status status="PASS" starttime="20200927 11:58:30.325" endtime="20200927 11:58:30.365"></status>
</kw>
<kw name="Log To Console" library="BuiltIn">
<doc>Logs the given message to the console.</doc>
<arguments>
<arg>${LinkText}</arg>
</arguments>
<status status="PASS" starttime="20200927 11:58:30.365" endtime="20200927 11:58:30.365"></status>
</kw>
<status status="PASS" starttime="20200927 11:58:30.317" endtime="20200927 11:58:30.365"></status>
</kw>
<kw name="${i} = 25" type="foritem">
<kw name="Log To Console" library="BuiltIn">
<doc>Logs the given message to the console.</doc>
<arguments>
<arg>${i}</arg>
</arguments>
<status status="PASS" starttime="20200927 11:58:30.365" endtime="20200927 11:58:30.365"></status>
</kw>
<kw name="Get Text" library="SeleniumLibrary">
<doc>Returns the text value of element identified by ``locator``.</doc>
<arguments>
<arg>xpath:(//a)[${i}]</arg>
</arguments>
<assign>
<var>${LinkText}</var>
</assign>
<msg timestamp="20200927 11:58:30.415" level="INFO">${LinkText} = আরও জানুন</msg>
<status status="PASS" starttime="20200927 11:58:30.365" endtime="20200927 11:58:30.415"></status>
</kw>
<kw name="Log To Console" library="BuiltIn">
<doc>Logs the given message to the console.</doc>
<arguments>
<arg>${LinkText}</arg>
</arguments>
<status status="PASS" starttime="20200927 11:58:30.415" endtime="20200927 11:58:30.415"></status>
</kw>
<status status="PASS" starttime="20200927 11:58:30.365" endtime="20200927 11:58:30.415"></status>
</kw>
<kw name="${i} = 26" type="foritem">
<kw name="Log To Console" library="BuiltIn">
<doc>Logs the given message to the console.</doc>
<arguments>
<arg>${i}</arg>
</arguments>
<status status="PASS" starttime="20200927 11:58:30.415" endtime="20200927 11:58:30.415"></status>
</kw>
<kw name="Get Text" library="SeleniumLibrary">
<doc>Returns the text value of element identified by ``locator``.</doc>
<arguments>
<arg>xpath:(//a)[${i}]</arg>
</arguments>
<assign>
<var>${LinkText}</var>
</assign>
<msg timestamp="20200927 11:58:30.459" level="INFO">${LinkText} = পূর্বাবস্থায় ফিরুন</msg>
<status status="PASS" starttime="20200927 11:58:30.415" endtime="20200927 11:58:30.459"></status>
</kw>
<kw name="Log To Console" library="BuiltIn">
<doc>Logs the given message to the console.</doc>
<arguments>
<arg>${LinkText}</arg>
</arguments>
<status status="PASS" starttime="20200927 11:58:30.459" endtime="20200927 11:58:30.459"></status>
</kw>
<status status="PASS" starttime="20200927 11:58:30.415" endtime="20200927 11:58:30.459"></status>
</kw>
<kw name="${i} = 27" type="foritem">
<kw name="Log To Console" library="BuiltIn">
<doc>Logs the given message to the console.</doc>
<arguments>
<arg>${i}</arg>
</arguments>
<status status="PASS" starttime="20200927 11:58:30.459" endtime="20200927 11:58:30.459"></status>
</kw>
<kw name="Get Text" library="SeleniumLibrary">
<doc>Returns the text value of element identified by ``locator``.</doc>
<arguments>
<arg>xpath:(//a)[${i}]</arg>
</arguments>
<assign>
<var>${LinkText}</var>
</assign>
<msg timestamp="20200927 11:58:30.499" level="INFO">${LinkText} = </msg>
<status status="PASS" starttime="20200927 11:58:30.459" endtime="20200927 11:58:30.499"></status>
</kw>
<kw name="Log To Console" library="BuiltIn">
<doc>Logs the given message to the console.</doc>
<arguments>
<arg>${LinkText}</arg>
</arguments>
<status status="PASS" starttime="20200927 11:58:30.499" endtime="20200927 11:58:30.499"></status>
</kw>
<status status="PASS" starttime="20200927 11:58:30.459" endtime="20200927 11:58:30.499"></status>
</kw>
<kw name="${i} = 28" type="foritem">
<kw name="Log To Console" library="BuiltIn">
<doc>Logs the given message to the console.</doc>
<arguments>
<arg>${i}</arg>
</arguments>
<status status="PASS" starttime="20200927 11:58:30.499" endtime="20200927 11:58:30.499"></status>
</kw>
<kw name="Get Text" library="SeleniumLibrary">
<doc>Returns the text value of element identified by ``locator``.</doc>
<arguments>
<arg>xpath:(//a)[${i}]</arg>
</arguments>
<assign>
<var>${LinkText}</var>
</assign>
<msg timestamp="20200927 11:58:30.539" level="INFO">${LinkText} = </msg>
<status status="PASS" starttime="20200927 11:58:30.499" endtime="20200927 11:58:30.539"></status>
</kw>
<kw name="Log To Console" library="BuiltIn">
<doc>Logs the given message to the console.</doc>
<arguments>
<arg>${LinkText}</arg>
</arguments>
<status status="PASS" starttime="20200927 11:58:30.539" endtime="20200927 11:58:30.539"></status>
</kw>
<status status="PASS" starttime="20200927 11:58:30.499" endtime="20200927 11:58:30.539"></status>
</kw>
<kw name="${i} = 29" type="foritem">
<kw name="Log To Console" library="BuiltIn">
<doc>Logs the given message to the console.</doc>
<arguments>
<arg>${i}</arg>
</arguments>
<status status="PASS" starttime="20200927 11:58:30.547" endtime="20200927 11:58:30.547"></status>
</kw>
<kw name="Get Text" library="SeleniumLibrary">
<doc>Returns the text value of element identified by ``locator``.</doc>
<arguments>
<arg>xpath:(//a)[${i}]</arg>
</arguments>
<assign>
<var>${LinkText}</var>
</assign>
<msg timestamp="20200927 11:58:30.587" level="INFO">${LinkText} = </msg>
<status status="PASS" starttime="20200927 11:58:30.547" endtime="20200927 11:58:30.587"></status>
</kw>
<kw name="Log To Console" library="BuiltIn">
<doc>Logs the given message to the console.</doc>
<arguments>
<arg>${LinkText}</arg>
</arguments>
<status status="PASS" starttime="20200927 11:58:30.587" endtime="20200927 11:58:30.587"></status>
</kw>
<status status="PASS" starttime="20200927 11:58:30.547" endtime="20200927 11:58:30.587"></status>
</kw>
<kw name="${i} = 30" type="foritem">
<kw name="Log To Console" library="BuiltIn">
<doc>Logs the given message to the console.</doc>
<arguments>
<arg>${i}</arg>
</arguments>
<status status="PASS" starttime="20200927 11:58:30.587" endtime="20200927 11:58:30.595"></status>
</kw>
<kw name="Get Text" library="SeleniumLibrary">
<doc>Returns the text value of element identified by ``locator``.</doc>
<arguments>
<arg>xpath:(//a)[${i}]</arg>
</arguments>
<assign>
<var>${LinkText}</var>
</assign>
<msg timestamp="20200927 11:58:30.627" level="INFO">${LinkText} = </msg>
<status status="PASS" starttime="20200927 11:58:30.595" endtime="20200927 11:58:30.627"></status>
</kw>
<kw name="Log To Console" library="BuiltIn">
<doc>Logs the given message to the console.</doc>
<arguments>
<arg>${LinkText}</arg>
</arguments>
<status status="PASS" starttime="20200927 11:58:30.627" endtime="20200927 11:58:30.627"></status>
</kw>
<status status="PASS" starttime="20200927 11:58:30.587" endtime="20200927 11:58:30.627"></status>
</kw>
<kw name="${i} = 31" type="foritem">
<kw name="Log To Console" library="BuiltIn">
<doc>Logs the given message to the console.</doc>
<arguments>
<arg>${i}</arg>
</arguments>
<status status="PASS" starttime="20200927 11:58:30.627" endtime="20200927 11:58:30.635"></status>
</kw>
<kw name="Get Text" library="SeleniumLibrary">
<doc>Returns the text value of element identified by ``locator``.</doc>
<arguments>
<arg>xpath:(//a)[${i}]</arg>
</arguments>
<assign>
<var>${LinkText}</var>
</assign>
<msg timestamp="20200927 11:58:30.667" level="INFO">${LinkText} = </msg>
<status status="PASS" starttime="20200927 11:58:30.635" endtime="20200927 11:58:30.667"></status>
</kw>
<kw name="Log To Console" library="BuiltIn">
<doc>Logs the given message to the console.</doc>
<arguments>
<arg>${LinkText}</arg>
</arguments>
<status status="PASS" starttime="20200927 11:58:30.667" endtime="20200927 11:58:30.667"></status>
</kw>
<status status="PASS" starttime="20200927 11:58:30.627" endtime="20200927 11:58:30.667"></status>
</kw>
<kw name="${i} = 32" type="foritem">
<kw name="Log To Console" library="BuiltIn">
<doc>Logs the given message to the console.</doc>
<arguments>
<arg>${i}</arg>
</arguments>
<status status="PASS" starttime="20200927 11:58:30.667" endtime="20200927 11:58:30.675"></status>
</kw>
<kw name="Get Text" library="SeleniumLibrary">
<doc>Returns the text value of element identified by ``locator``.</doc>
<arguments>
<arg>xpath:(//a)[${i}]</arg>
</arguments>
<assign>
<var>${LinkText}</var>
</assign>
<msg timestamp="20200927 11:58:30.707" level="INFO">${LinkText} = </msg>
<status status="PASS" starttime="20200927 11:58:30.675" endtime="20200927 11:58:30.707"></status>
</kw>
<kw name="Log To Console" library="BuiltIn">
<doc>Logs the given message to the console.</doc>
<arguments>
<arg>${LinkText}</arg>
</arguments>
<status status="PASS" starttime="20200927 11:58:30.707" endtime="20200927 11:58:30.707"></status>
</kw>
<status status="PASS" starttime="20200927 11:58:30.667" endtime="20200927 11:58:30.707"></status>
</kw>
<kw name="${i} = 33" type="foritem">
<kw name="Log To Console" library="BuiltIn">
<doc>Logs the given message to the console.</doc>
<arguments>
<arg>${i}</arg>
</arguments>
<status status="PASS" starttime="20200927 11:58:30.715" endtime="20200927 11:58:30.715"></status>
</kw>
<kw name="Get Text" library="SeleniumLibrary">
<doc>Returns the text value of element identified by ``locator``.</doc>
<arguments>
<arg>xpath:(//a)[${i}]</arg>
</arguments>
<assign>
<var>${LinkText}</var>
</assign>
<msg timestamp="20200927 11:58:30.754" level="INFO">${LinkText} = </msg>
<status status="PASS" starttime="20200927 11:58:30.715" endtime="20200927 11:58:30.754"></status>
</kw>
<kw name="Log To Console" library="BuiltIn">
<doc>Logs the given message to the console.</doc>
<arguments>
<arg>${LinkText}</arg>
</arguments>
<status status="PASS" starttime="20200927 11:58:30.754" endtime="20200927 11:58:30.754"></status>
</kw>
<status status="PASS" starttime="20200927 11:58:30.715" endtime="20200927 11:58:30.754"></status>
</kw>
<kw name="${i} = 34" type="foritem">
<kw name="Log To Console" library="BuiltIn">
<doc>Logs the given message to the console.</doc>
<arguments>
<arg>${i}</arg>
</arguments>
<status status="PASS" starttime="20200927 11:58:30.754" endtime="20200927 11:58:30.754"></status>
</kw>
<kw name="Get Text" library="SeleniumLibrary">
<doc>Returns the text value of element identified by ``locator``.</doc>
<arguments>
<arg>xpath:(//a)[${i}]</arg>
</arguments>
<assign>
<var>${LinkText}</var>
</assign>
<msg timestamp="20200927 11:58:30.830" level="INFO">${LinkText} = Change to English</msg>
<status status="PASS" starttime="20200927 11:58:30.754" endtime="20200927 11:58:30.830"></status>
</kw>
<kw name="Log To Console" library="BuiltIn">
<doc>Logs the given message to the console.</doc>
<arguments>
<arg>${LinkText}</arg>
</arguments>
<status status="PASS" starttime="20200927 11:58:30.830" endtime="20200927 11:58:30.830"></status>
</kw>
<status status="PASS" starttime="20200927 11:58:30.754" endtime="20200927 11:58:30.830"></status>
</kw>
<kw name="${i} = 35" type="foritem">
<kw name="Log To Console" library="BuiltIn">
<doc>Logs the given message to the console.</doc>
<arguments>
<arg>${i}</arg>
</arguments>
<status status="PASS" starttime="20200927 11:58:30.830" endtime="20200927 11:58:30.830"></status>
</kw>
<kw name="Get Text" library="SeleniumLibrary">
<doc>Returns the text value of element identified by ``locator``.</doc>
<arguments>
<arg>xpath:(//a)[${i}]</arg>
</arguments>
<assign>
<var>${LinkText}</var>
</assign>
<msg timestamp="20200927 11:58:30.893" level="INFO">${LinkText} = বাংলা রাখুন</msg>
<status status="PASS" starttime="20200927 11:58:30.830" endtime="20200927 11:58:30.893"></status>
</kw>
<kw name="Log To Console" library="BuiltIn">
<doc>Logs the given message to the console.</doc>
<arguments>
<arg>${LinkText}</arg>
</arguments>
<status status="PASS" starttime="20200927 11:58:30.893" endtime="20200927 11:58:30.893"></status>
</kw>
<status status="PASS" starttime="20200927 11:58:30.830" endtime="20200927 11:58:30.893"></status>
</kw>
<kw name="${i} = 36" type="foritem">
<kw name="Log To Console" library="BuiltIn">
<doc>Logs the given message to the console.</doc>
<arguments>
<arg>${i}</arg>
</arguments>
<status status="PASS" starttime="20200927 11:58:30.893" endtime="20200927 11:58:30.893"></status>
</kw>
<kw name="Get Text" library="SeleniumLibrary">
<doc>Returns the text value of element identified by ``locator``.</doc>
<arguments>
<arg>xpath:(//a)[${i}]</arg>
</arguments>
<assign>
<var>${LinkText}</var>
</assign>
<msg timestamp="20200927 11:58:30.955" level="INFO">${LinkText} = ভাষা সেটিংস</msg>
<status status="PASS" starttime="20200927 11:58:30.893" endtime="20200927 11:58:30.955"></status>
</kw>
<kw name="Log To Console" library="BuiltIn">
<doc>Logs the given message to the console.</doc>
<arguments>
<arg>${LinkText}</arg>
</arguments>
<status status="PASS" starttime="20200927 11:58:30.955" endtime="20200927 11:58:30.955"></status>
</kw>
<status status="PASS" starttime="20200927 11:58:30.893" endtime="20200927 11:58:30.955"></status>
</kw>
<kw name="${i} = 37" type="foritem">
<kw name="Log To Console" library="BuiltIn">
<doc>Logs the given message to the console.</doc>
<arguments>
<arg>${i}</arg>
</arguments>
<status status="PASS" starttime="20200927 11:58:30.955" endtime="20200927 11:58:30.955"></status>
</kw>
<kw name="Get Text" library="SeleniumLibrary">
<doc>Returns the text value of element identified by ``locator``.</doc>
<arguments>
<arg>xpath:(//a)[${i}]</arg>
</arguments>
<assign>
<var>${LinkText}</var>
</assign>
<msg timestamp="20200927 11:58:31.021" level="INFO">${LinkText} = Robot Framework Tutorial - Tutorialspoint
www.tutorialspoint.com › ...</msg>
<status status="PASS" starttime="20200927 11:58:30.955" endtime="20200927 11:58:31.021"></status>
</kw>
<kw name="Log To Console" library="BuiltIn">
<doc>Logs the given message to the console.</doc>
<arguments>
<arg>${LinkText}</arg>
</arguments>
<status status="PASS" starttime="20200927 11:58:31.021" endtime="20200927 11:58:31.021"></status>
</kw>
<status status="PASS" starttime="20200927 11:58:30.955" endtime="20200927 11:58:31.021"></status>
</kw>
<kw name="${i} = 38" type="foritem">
<kw name="Log To Console" library="BuiltIn">
<doc>Logs the given message to the console.</doc>
<arguments>
<arg>${i}</arg>
</arguments>
<status status="PASS" starttime="20200927 11:58:31.021" endtime="20200927 11:58:31.037"></status>
</kw>
<kw name="Get Text" library="SeleniumLibrary">
<doc>Returns the text value of element identified by ``locator``.</doc>
<arguments>
<arg>xpath:(//a)[${i}]</arg>
</arguments>
<assign>
<var>${LinkText}</var>
</assign>
<msg timestamp="20200927 11:58:31.083" level="INFO">${LinkText} = </msg>
<status status="PASS" starttime="20200927 11:58:31.037" endtime="20200927 11:58:31.083"></status>
</kw>
<kw name="Log To Console" library="BuiltIn">
<doc>Logs the given message to the console.</doc>
<arguments>
<arg>${LinkText}</arg>
</arguments>
<status status="PASS" starttime="20200927 11:58:31.083" endtime="20200927 11:58:31.083"></status>
</kw>
<status status="PASS" starttime="20200927 11:58:31.021" endtime="20200927 11:58:31.083"></status>
</kw>
<kw name="${i} = 39" type="foritem">
<kw name="Log To Console" library="BuiltIn">
<doc>Logs the given message to the console.</doc>
<arguments>
<arg>${i}</arg>
</arguments>
<status status="PASS" starttime="20200927 11:58:31.099" endtime="20200927 11:58:31.099"></status>
</kw>
<kw name="Get Text" library="SeleniumLibrary">
<doc>Returns the text value of element identified by ``locator``.</doc>
<arguments>
<arg>xpath:(//a)[${i}]</arg>
</arguments>
<assign>
<var>${LinkText}</var>
</assign>
<msg timestamp="20200927 11:58:31.139" level="INFO">${LinkText} = </msg>
<status status="PASS" starttime="20200927 11:58:31.099" endtime="20200927 11:58:31.139"></status>
</kw>
<kw name="Log To Console" library="BuiltIn">
<doc>Logs the given message to the console.</doc>
<arguments>
<arg>${LinkText}</arg>
</arguments>
<status status="PASS" starttime="20200927 11:58:31.139" endtime="20200927 11:58:31.139"></status>
</kw>
<status status="PASS" starttime="20200927 11:58:31.099" endtime="20200927 11:58:31.139"></status>
</kw>
<kw name="${i} = 40" type="foritem">
<kw name="Log To Console" library="BuiltIn">
<doc>Logs the given message to the console.</doc>
<arguments>
<arg>${i}</arg>
</arguments>
<status status="PASS" starttime="20200927 11:58:31.139" endtime="20200927 11:58:31.143"></status>
</kw>
<kw name="Get Text" library="SeleniumLibrary">
<doc>Returns the text value of element identified by ``locator``.</doc>
<arguments>
<arg>xpath:(//a)[${i}]</arg>
</arguments>
<assign>
<var>${LinkText}</var>
</assign>
<msg timestamp="20200927 11:58:31.186" level="INFO">${LinkText} = পৃষ্ঠাটি অনুবাদ করুন</msg>
<status status="PASS" starttime="20200927 11:58:31.143" endtime="20200927 11:58:31.186"></status>
</kw>
<kw name="Log To Console" library="BuiltIn">
<doc>Logs the given message to the console.</doc>
<arguments>
<arg>${LinkText}</arg>
</arguments>
<status status="PASS" starttime="20200927 11:58:31.186" endtime="20200927 11:58:31.186"></status>
</kw>
<status status="PASS" starttime="20200927 11:58:31.139" endtime="20200927 11:58:31.186"></status>
</kw>
<kw name="${i} = 41" type="foritem">
<kw name="Log To Console" library="BuiltIn">
<doc>Logs the given message to the console.</doc>
<arguments>
<arg>${i}</arg>
</arguments>
<status status="PASS" starttime="20200927 11:58:31.186" endtime="20200927 11:58:31.186"></status>
</kw>
<kw name="Get Text" library="SeleniumLibrary">
<doc>Returns the text value of element identified by ``locator``.</doc>
<arguments>
<arg>xpath:(//a)[${i}]</arg>
</arguments>
<assign>
<var>${LinkText}</var>
</assign>
<msg timestamp="20200927 11:58:31.233" level="INFO">${LinkText} = Robot Framework - Useful ...</msg>
<status status="PASS" starttime="20200927 11:58:31.186" endtime="20200927 11:58:31.233"></status>
</kw>
<kw name="Log To Console" library="BuiltIn">
<doc>Logs the given message to the console.</doc>
<arguments>
<arg>${LinkText}</arg>
</arguments>
<status status="PASS" starttime="20200927 11:58:31.233" endtime="20200927 11:58:31.233"></status>
</kw>
<status status="PASS" starttime="20200927 11:58:31.186" endtime="20200927 11:58:31.233"></status>
</kw>
<kw name="${i} = 42" type="foritem">
<kw name="Log To Console" library="BuiltIn">
<doc>Logs the given message to the console.</doc>
<arguments>
<arg>${i}</arg>
</arguments>
<status status="PASS" starttime="20200927 11:58:31.233" endtime="20200927 11:58:31.233"></status>
</kw>
<kw name="Get Text" library="SeleniumLibrary">
<doc>Returns the text value of element identified by ``locator``.</doc>
<arguments>
<arg>xpath:(//a)[${i}]</arg>
</arguments>
<assign>
<var>${LinkText}</var>
</assign>
<msg timestamp="20200927 11:58:31.280" level="INFO">${LinkText} = Overview</msg>
<status status="PASS" starttime="20200927 11:58:31.233" endtime="20200927 11:58:31.280"></status>
</kw>
<kw name="Log To Console" library="BuiltIn">
<doc>Logs the given message to the console.</doc>
<arguments>
<arg>${LinkText}</arg>
</arguments>
<status status="PASS" starttime="20200927 11:58:31.280" endtime="20200927 11:58:31.280"></status>
</kw>
<status status="PASS" starttime="20200927 11:58:31.233" endtime="20200927 11:58:31.280"></status>
</kw>
<kw name="${i} = 43" type="foritem">
<kw name="Log To Console" library="BuiltIn">
<doc>Logs the given message to the console.</doc>
<arguments>
<arg>${i}</arg>
</arguments>
<status status="PASS" starttime="20200927 11:58:31.280" endtime="20200927 11:58:31.280"></status>
</kw>
<kw name="Get Text" library="SeleniumLibrary">
<doc>Returns the text value of element identified by ``locator``.</doc>
<arguments>
<arg>xpath:(//a)[${i}]</arg>
</arguments>
<assign>
<var>${LinkText}</var>
</assign>
<msg timestamp="20200927 11:58:31.326" level="INFO">${LinkText} = Environment Setup</msg>
<status status="PASS" starttime="20200927 11:58:31.280" endtime="20200927 11:58:31.326"></status>
</kw>
<kw name="Log To Console" library="BuiltIn">
<doc>Logs the given message to the console.</doc>
<arguments>
<arg>${LinkText}</arg>
</arguments>
<status status="PASS" starttime="20200927 11:58:31.326" endtime="20200927 11:58:31.326"></status>
</kw>
<status status="PASS" starttime="20200927 11:58:31.280" endtime="20200927 11:58:31.326"></status>
</kw>
<kw name="${i} = 44" type="foritem">
<kw name="Log To Console" library="BuiltIn">
<doc>Logs the given message to the console.</doc>
<arguments>
<arg>${i}</arg>
</arguments>
<status status="PASS" starttime="20200927 11:58:31.326" endtime="20200927 11:58:31.326"></status>
</kw>
<kw name="Get Text" library="SeleniumLibrary">
<doc>Returns the text value of element identified by ``locator``.</doc>
<arguments>
<arg>xpath:(//a)[${i}]</arg>
</arguments>
<assign>
<var>${LinkText}</var>
</assign>
<msg timestamp="20200927 11:58:31.369" level="INFO">${LinkText} = Quick Guide</msg>
<status status="PASS" starttime="20200927 11:58:31.326" endtime="20200927 11:58:31.369"></status>
</kw>
<kw name="Log To Console" library="BuiltIn">
<doc>Logs the given message to the console.</doc>
<arguments>
<arg>${LinkText}</arg>
</arguments>
<status status="PASS" starttime="20200927 11:58:31.369" endtime="20200927 11:58:31.369"></status>
</kw>
<status status="PASS" starttime="20200927 11:58:31.326" endtime="20200927 11:58:31.369"></status>
</kw>
<kw name="${i} = 45" type="foritem">
<kw name="Log To Console" library="BuiltIn">
<doc>Logs the given message to the console.</doc>
<arguments>
<arg>${i}</arg>
</arguments>
<status status="PASS" starttime="20200927 11:58:31.369" endtime="20200927 11:58:31.369"></status>
</kw>
<kw name="Get Text" library="SeleniumLibrary">
<doc>Returns the text value of element identified by ``locator``.</doc>
<arguments>
<arg>xpath:(//a)[${i}]</arg>
</arguments>
<assign>
<var>${LinkText}</var>
</assign>
<msg timestamp="20200927 11:58:31.442" level="INFO">${LinkText} = পূর্বরূপ
25:35
Robot Framework Tutorial | Robot Framework With Python ...</msg>
<status status="PASS" starttime="20200927 11:58:31.369" endtime="20200927 11:58:31.442"></status>
</kw>
<kw name="Log To Console" library="BuiltIn">
<doc>Logs the given message to the console.</doc>
<arguments>
<arg>${LinkText}</arg>
</arguments>
<status status="PASS" starttime="20200927 11:58:31.442" endtime="20200927 11:58:31.442"></status>
</kw>
<status status="PASS" starttime="20200927 11:58:31.369" endtime="20200927 11:58:31.442"></status>
</kw>
<kw name="${i} = 46" type="foritem">
<kw name="Log To Console" library="BuiltIn">
<doc>Logs the given message to the console.</doc>
<arguments>
<arg>${i}</arg>
</arguments>
<status status="PASS" starttime="20200927 11:58:31.442" endtime="20200927 11:58:31.442"></status>
</kw>
<kw name="Get Text" library="SeleniumLibrary">
<doc>Returns the text value of element identified by ``locator``.</doc>
<arguments>
<arg>xpath:(//a)[${i}]</arg>
</arguments>
<assign>
<var>${LinkText}</var>
</assign>
<msg timestamp="20200927 11:58:31.505" level="INFO">${LinkText} = 30:18
Python Web Automation using Robot Framework | Python ...</msg>
<status status="PASS" starttime="20200927 11:58:31.442" endtime="20200927 11:58:31.505"></status>
</kw>
<kw name="Log To Console" library="BuiltIn">
<doc>Logs the given message to the console.</doc>
<arguments>
<arg>${LinkText}</arg>
</arguments>
<status status="PASS" starttime="20200927 11:58:31.505" endtime="20200927 11:58:31.505"></status>
</kw>
<status status="PASS" starttime="20200927 11:58:31.442" endtime="20200927 11:58:31.505"></status>
</kw>
<kw name="${i} = 47" type="foritem">
<kw name="Log To Console" library="BuiltIn">
<doc>Logs the given message to the console.</doc>
<arguments>
<arg>${i}</arg>
</arguments>
<status status="PASS" starttime="20200927 11:58:31.505" endtime="20200927 11:58:31.505"></status>
</kw>
<kw name="Get Text" library="SeleniumLibrary">
<doc>Returns the text value of element identified by ``locator``.</doc>
<arguments>
<arg>xpath:(//a)[${i}]</arg>
</arguments>
<assign>
<var>${LinkText}</var>
</assign>
<msg timestamp="20200927 11:58:31.583" level="INFO">${LinkText} = 10:28
Robot Framework Tutorial #2 - Introduction, Installation of ...</msg>
<status status="PASS" starttime="20200927 11:58:31.505" endtime="20200927 11:58:31.583"></status>
</kw>
<kw name="Log To Console" library="BuiltIn">
<doc>Logs the given message to the console.</doc>
<arguments>
<arg>${LinkText}</arg>
</arguments>
<status status="PASS" starttime="20200927 11:58:31.583" endtime="20200927 11:58:31.583"></status>
</kw>
<status status="PASS" starttime="20200927 11:58:31.505" endtime="20200927 11:58:31.583"></status>
</kw>
<kw name="${i} = 48" type="foritem">
<kw name="Log To Console" library="BuiltIn">
<doc>Logs the given message to the console.</doc>
<arguments>
<arg>${i}</arg>
</arguments>
<status status="PASS" starttime="20200927 11:58:31.583" endtime="20200927 11:58:31.599"></status>
</kw>
<kw name="Get Text" library="SeleniumLibrary">
<doc>Returns the text value of element identified by ``locator``.</doc>
<arguments>
<arg>xpath:(//a)[${i}]</arg>
</arguments>
<assign>
<var>${LinkText}</var>
</assign>
<msg timestamp="20200927 11:58:31.661" level="INFO">${LinkText} = পূর্বরূপ
20:56
Robot Framework Beginner Tutorial 1 - Getting started with ...</msg>
<status status="PASS" starttime="20200927 11:58:31.599" endtime="20200927 11:58:31.661"></status>
</kw>
<kw name="Log To Console" library="BuiltIn">
<doc>Logs the given message to the console.</doc>
<arguments>
<arg>${LinkText}</arg>
</arguments>
<status status="PASS" starttime="20200927 11:58:31.661" endtime="20200927 11:58:31.661"></status>
</kw>
<status status="PASS" starttime="20200927 11:58:31.583" endtime="20200927 11:58:31.661"></status>
</kw>
<kw name="${i} = 49" type="foritem">
<kw name="Log To Console" library="BuiltIn">
<doc>Logs the given message to the console.</doc>
<arguments>
<arg>${i}</arg>
</arguments>
<status status="PASS" starttime="20200927 11:58:31.661" endtime="20200927 11:58:31.661"></status>
</kw>
<kw name="Get Text" library="SeleniumLibrary">
<doc>Returns the text value of element identified by ``locator``.</doc>
<arguments>
<arg>xpath:(//a)[${i}]</arg>
</arguments>
<assign>
<var>${LinkText}</var>
</assign>
<msg timestamp="20200927 11:58:31.739" level="INFO">${LinkText} = পূর্বরূপ
8:55
Robot Framework Tutorial #4 - Create New Robot Framework ...</msg>
<status status="PASS" starttime="20200927 11:58:31.661" endtime="20200927 11:58:31.739"></status>
</kw>
<kw name="Log To Console" library="BuiltIn">
<doc>Logs the given message to the console.</doc>
<arguments>
<arg>${LinkText}</arg>
</arguments>
<status status="PASS" starttime="20200927 11:58:31.739" endtime="20200927 11:58:31.739"></status>
</kw>
<status status="PASS" starttime="20200927 11:58:31.661" endtime="20200927 11:58:31.755"></status>
</kw>
<kw name="${i} = 50" type="foritem">
<kw name="Log To Console" library="BuiltIn">
<doc>Logs the given message to the console.</doc>
<arguments>
<arg>${i}</arg>
</arguments>
<status status="PASS" starttime="20200927 11:58:31.755" endtime="20200927 11:58:31.755"></status>
</kw>
<kw name="Get Text" library="SeleniumLibrary">
<doc>Returns the text value of element identified by ``locator``.</doc>
<arguments>
<arg>xpath:(//a)[${i}]</arg>
</arguments>
<assign>
<var>${LinkText}</var>
</assign>
<msg timestamp="20200927 11:58:31.849" level="INFO">${LinkText} = পূর্বরূপ
25:48
Robot Framework Tutorial #40 - How to do Data Driven Testing</msg>
<status status="PASS" starttime="20200927 11:58:31.755" endtime="20200927 11:58:31.849"></status>
</kw>
<kw name="Log To Console" library="BuiltIn">
<doc>Logs the given message to the console.</doc>
<arguments>
<arg>${LinkText}</arg>
</arguments>
<status status="PASS" starttime="20200927 11:58:31.849" endtime="20200927 11:58:31.849"></status>
</kw>
<status status="PASS" starttime="20200927 11:58:31.755" endtime="20200927 11:58:31.849"></status>
</kw>
<kw name="${i} = 51" type="foritem">
<kw name="Log To Console" library="BuiltIn">
<doc>Logs the given message to the console.</doc>
<arguments>
<arg>${i}</arg>
</arguments>
<status status="PASS" starttime="20200927 11:58:31.849" endtime="20200927 11:58:31.849"></status>
</kw>
<kw name="Get Text" library="SeleniumLibrary">
<doc>Returns the text value of element identified by ``locator``.</doc>
<arguments>
<arg>xpath:(//a)[${i}]</arg>
</arguments>
<assign>
<var>${LinkText}</var>
</assign>
<msg timestamp="20200927 11:58:31.927" level="INFO">${LinkText} = পূর্বরূপ
20:51
Robot Framework Tutorial #7 - Convert Manual Test into ...</msg>
<status status="PASS" starttime="20200927 11:58:31.849" endtime="20200927 11:58:31.927"></status>
</kw>
<kw name="Log To Console" library="BuiltIn">
<doc>Logs the given message to the console.</doc>
<arguments>
<arg>${LinkText}</arg>
</arguments>
<status status="PASS" starttime="20200927 11:58:31.927" endtime="20200927 11:58:31.927"></status>
</kw>
<status status="PASS" starttime="20200927 11:58:31.849" endtime="20200927 11:58:31.927"></status>
</kw>
<kw name="${i} = 52" type="foritem">
<kw name="Log To Console" library="BuiltIn">
<doc>Logs the given message to the console.</doc>
<arguments>
<arg>${i}</arg>
</arguments>
<status status="PASS" starttime="20200927 11:58:31.927" endtime="20200927 11:58:31.927"></status>
</kw>
<kw name="Get Text" library="SeleniumLibrary">
<doc>Returns the text value of element identified by ``locator``.</doc>
<arguments>
<arg>xpath:(//a)[${i}]</arg>
</arguments>
<assign>
<var>${LinkText}</var>
</assign>
<msg timestamp="20200927 11:58:32.020" level="INFO">${LinkText} = পূর্বরূপ
20:01
Tutorial 1- Selenium with Python | Robot Framework ...</msg>
<status status="PASS" starttime="20200927 11:58:31.927" endtime="20200927 11:58:32.020"></status>
</kw>
<kw name="Log To Console" library="BuiltIn">
<doc>Logs the given message to the console.</doc>
<arguments>
<arg>${LinkText}</arg>
</arguments>
<status status="PASS" starttime="20200927 11:58:32.020" endtime="20200927 11:58:32.020"></status>
</kw>
<status status="PASS" starttime="20200927 11:58:31.927" endtime="20200927 11:58:32.020"></status>
</kw>
<kw name="${i} = 53" type="foritem">
<kw name="Log To Console" library="BuiltIn">
<doc>Logs the given message to the console.</doc>
<arguments>
<arg>${i}</arg>
</arguments>
<status status="PASS" starttime="20200927 11:58:32.020" endtime="20200927 11:58:32.020"></status>
</kw>
<kw name="Get Text" library="SeleniumLibrary">
<doc>Returns the text value of element identified by ``locator``.</doc>
<arguments>
<arg>xpath:(//a)[${i}]</arg>
</arguments>
<assign>
<var>${LinkText}</var>
</assign>
<msg timestamp="20200927 11:58:32.099" level="INFO">${LinkText} = পূর্বরূপ
4:58
Robot Framework Tutorial 1- Overview</msg>
<status status="PASS" starttime="20200927 11:58:32.020" endtime="20200927 11:58:32.099"></status>
</kw>
<kw name="Log To Console" library="BuiltIn">
<doc>Logs the given message to the console.</doc>
<arguments>
<arg>${LinkText}</arg>
</arguments>
<status status="PASS" starttime="20200927 11:58:32.099" endtime="20200927 11:58:32.099"></status>
</kw>
<status status="PASS" starttime="20200927 11:58:32.020" endtime="20200927 11:58:32.099"></status>
</kw>
<kw name="${i} = 54" type="foritem">
<kw name="Log To Console" library="BuiltIn">
<doc>Logs the given message to the console.</doc>
<arguments>
<arg>${i}</arg>
</arguments>
<status status="PASS" starttime="20200927 11:58:32.099" endtime="20200927 11:58:32.099"></status>
</kw>
<kw name="Get Text" library="SeleniumLibrary">
<doc>Returns the text value of element identified by ``locator``.</doc>
<arguments>
<arg>xpath:(//a)[${i}]</arg>
</arguments>
<assign>
<var>${LinkText}</var>
</assign>
<msg timestamp="20200927 11:58:32.177" level="INFO">${LinkText} = পূর্বরূপ
10:57
Robot Framework Tutorial #1 - Install Python and PIP on Mac OS</msg>
<status status="PASS" starttime="20200927 11:58:32.099" endtime="20200927 11:58:32.177"></status>
</kw>
<kw name="Log To Console" library="BuiltIn">
<doc>Logs the given message to the console.</doc>
<arguments>
<arg>${LinkText}</arg>
</arguments>
<status status="PASS" starttime="20200927 11:58:32.177" endtime="20200927 11:58:32.177"></status>
</kw>
<status status="PASS" starttime="20200927 11:58:32.099" endtime="20200927 11:58:32.177"></status>
</kw>
<kw name="${i} = 55" type="foritem">
<kw name="Log To Console" library="BuiltIn">
<doc>Logs the given message to the console.</doc>
<arguments>
<arg>${i}</arg>
</arguments>
<status status="PASS" starttime="20200927 11:58:32.177" endtime="20200927 11:58:32.177"></status>
</kw>
<kw name="Get Text" library="SeleniumLibrary">
<doc>Returns the text value of element identified by ``locator``.</doc>
<arguments>
<arg>xpath:(//a)[${i}]</arg>
</arguments>
<assign>
<var>${LinkText}</var>
</assign>
<msg timestamp="20200927 11:58:32.240" level="INFO">${LinkText} = সবগুলো দেখুন</msg>
<status status="PASS" starttime="20200927 11:58:32.177" endtime="20200927 11:58:32.240"></status>
</kw>
<kw name="Log To Console" library="BuiltIn">
<doc>Logs the given message to the console.</doc>
<arguments>
<arg>${LinkText}</arg>
</arguments>
<status status="PASS" starttime="20200927 11:58:32.240" endtime="20200927 11:58:32.240"></status>
</kw>
<status status="PASS" starttime="20200927 11:58:32.177" endtime="20200927 11:58:32.240"></status>
</kw>
<kw name="${i} = 56" type="foritem">
<kw name="Log To Console" library="BuiltIn">
<doc>Logs the given message to the console.</doc>
<arguments>
<arg>${i}</arg>
</arguments>
<status status="PASS" starttime="20200927 11:58:32.240" endtime="20200927 11:58:32.240"></status>
</kw>
<kw name="Get Text" library="SeleniumLibrary">
<doc>Returns the text value of element identified by ``locator``.</doc>
<arguments>
<arg>xpath:(//a)[${i}]</arg>
</arguments>
<assign>
<var>${LinkText}</var>
</assign>
<msg timestamp="20200927 11:58:32.302" level="INFO">${LinkText} = Learn Robot Framework (Selenium) from Industry Experts|22+ ...
www.udemy.com › course</msg>
<status status="PASS" starttime="20200927 11:58:32.240" endtime="20200927 11:58:32.302"></status>
</kw>
<kw name="Log To Console" library="BuiltIn">
<doc>Logs the given message to the console.</doc>
<arguments>
<arg>${LinkText}</arg>
</arguments>
<status status="PASS" starttime="20200927 11:58:32.302" endtime="20200927 11:58:32.302"></status>
</kw>
<status status="PASS" starttime="20200927 11:58:32.240" endtime="20200927 11:58:32.302"></status>
</kw>
<kw name="${i} = 57" type="foritem">
<kw name="Log To Console" library="BuiltIn">
<doc>Logs the given message to the console.</doc>
<arguments>
<arg>${i}</arg>
</arguments>
<status status="PASS" starttime="20200927 11:58:32.302" endtime="20200927 11:58:32.302"></status>
</kw>
<kw name="Get Text" library="SeleniumLibrary">
<doc>Returns the text value of element identified by ``locator``.</doc>
<arguments>
<arg>xpath:(//a)[${i}]</arg>
</arguments>
<assign>
<var>${LinkText}</var>
</assign>
<msg timestamp="20200927 11:58:32.349" level="INFO">${LinkText} = </msg>
<status status="PASS" starttime="20200927 11:58:32.302" endtime="20200927 11:58:32.349"></status>
</kw>
<kw name="Log To Console" library="BuiltIn">
<doc>Logs the given message to the console.</doc>
<arguments>
<arg>${LinkText}</arg>
</arguments>
<status status="PASS" starttime="20200927 11:58:32.349" endtime="20200927 11:58:32.349"></status>
</kw>
<status status="PASS" starttime="20200927 11:58:32.302" endtime="20200927 11:58:32.349"></status>
</kw>
<kw name="${i} = 58" type="foritem">
<kw name="Log To Console" library="BuiltIn">
<doc>Logs the given message to the console.</doc>
<arguments>
<arg>${i}</arg>
</arguments>
<status status="PASS" starttime="20200927 11:58:32.349" endtime="20200927 11:58:32.349"></status>
</kw>
<kw name="Get Text" library="SeleniumLibrary">
<doc>Returns the text value of element identified by ``locator``.</doc>
<arguments>
<arg>xpath:(//a)[${i}]</arg>
</arguments>
<assign>
<var>${LinkText}</var>
</assign>
<msg timestamp="20200927 11:58:32.398" level="INFO">${LinkText} = </msg>
<status status="PASS" starttime="20200927 11:58:32.349" endtime="20200927 11:58:32.398"></status>
</kw>
<kw name="Log To Console" library="BuiltIn">
<doc>Logs the given message to the console.</doc>
<arguments>
<arg>${LinkText}</arg>
</arguments>
<status status="PASS" starttime="20200927 11:58:32.398" endtime="20200927 11:58:32.398"></status>
</kw>
<status status="PASS" starttime="20200927 11:58:32.349" endtime="20200927 11:58:32.398"></status>
</kw>
<kw name="${i} = 59" type="foritem">
<kw name="Log To Console" library="BuiltIn">
<doc>Logs the given message to the console.</doc>
<arguments>
<arg>${i}</arg>
</arguments>
<status status="PASS" starttime="20200927 11:58:32.398" endtime="20200927 11:58:32.406"></status>
</kw>
<kw name="Get Text" library="SeleniumLibrary">
<doc>Returns the text value of element identified by ``locator``.</doc>
<arguments>
<arg>xpath:(//a)[${i}]</arg>
</arguments>
<assign>
<var>${LinkText}</var>
</assign>
<msg timestamp="20200927 11:58:32.446" level="INFO">${LinkText} = পৃষ্ঠাটি অনুবাদ করুন</msg>
<status status="PASS" starttime="20200927 11:58:32.406" endtime="20200927 11:58:32.446"></status>
</kw>
<kw name="Log To Console" library="BuiltIn">
<doc>Logs the given message to the console.</doc>
<arguments>
<arg>${LinkText}</arg>
</arguments>
<status status="PASS" starttime="20200927 11:58:32.446" endtime="20200927 11:58:32.446"></status>
</kw>
<status status="PASS" starttime="20200927 11:58:32.398" endtime="20200927 11:58:32.446"></status>
</kw>
<kw name="${i} = 60" type="foritem">
<kw name="Log To Console" library="BuiltIn">
<doc>Logs the given message to the console.</doc>
<arguments>
<arg>${i}</arg>
</arguments>
<status status="PASS" starttime="20200927 11:58:32.446" endtime="20200927 11:58:32.454"></status>
</kw>
<kw name="Get Text" library="SeleniumLibrary">
<doc>Returns the text value of element identified by ``locator``.</doc>
<arguments>
<arg>xpath:(//a)[${i}]</arg>
</arguments>
<assign>
<var>${LinkText}</var>
</assign>
<msg timestamp="20200927 11:58:32.494" level="INFO">${LinkText} = </msg>
<status status="PASS" starttime="20200927 11:58:32.454" endtime="20200927 11:58:32.494"></status>
</kw>
<kw name="Log To Console" library="BuiltIn">
<doc>Logs the given message to the console.</doc>
<arguments>
<arg>${LinkText}</arg>
</arguments>
<status status="PASS" starttime="20200927 11:58:32.494" endtime="20200927 11:58:32.494"></status>
</kw>
<status status="PASS" starttime="20200927 11:58:32.446" endtime="20200927 11:58:32.494"></status>
</kw>
<kw name="${i} = 61" type="foritem">
<kw name="Log To Console" library="BuiltIn">
<doc>Logs the given message to the console.</doc>
<arguments>
<arg>${i}</arg>
</arguments>
<status status="PASS" starttime="20200927 11:58:32.494" endtime="20200927 11:58:32.494"></status>
</kw>
<kw name="Get Text" library="SeleniumLibrary">
<doc>Returns the text value of element identified by ``locator``.</doc>
<arguments>
<arg>xpath:(//a)[${i}]</arg>
</arguments>
<assign>
<var>${LinkText}</var>
</assign>
<msg timestamp="20200927 11:58:32.540" level="INFO">${LinkText} = </msg>
<status status="PASS" starttime="20200927 11:58:32.494" endtime="20200927 11:58:32.540"></status>
</kw>
<kw name="Log To Console" library="BuiltIn">
<doc>Logs the given message to the console.</doc>
<arguments>
<arg>${LinkText}</arg>
</arguments>
<status status="PASS" starttime="20200927 11:58:32.540" endtime="20200927 11:58:32.540"></status>
</kw>
<status status="PASS" starttime="20200927 11:58:32.494" endtime="20200927 11:58:32.540"></status>
</kw>
<kw name="${i} = 62" type="foritem">
<kw name="Log To Console" library="BuiltIn">
<doc>Logs the given message to the console.</doc>
<arguments>
<arg>${i}</arg>
</arguments>
<status status="PASS" starttime="20200927 11:58:32.540" endtime="20200927 11:58:32.540"></status>
</kw>
<kw name="Get Text" library="SeleniumLibrary">
<doc>Returns the text value of element identified by ``locator``.</doc>
<arguments>
<arg>xpath:(//a)[${i}]</arg>
</arguments>
<assign>
<var>${LinkText}</var>
</assign>
<msg timestamp="20200927 11:58:32.587" level="INFO">${LinkText} = </msg>
<status status="PASS" starttime="20200927 11:58:32.540" endtime="20200927 11:58:32.587"></status>
</kw>
<kw name="Log To Console" library="BuiltIn">
<doc>Logs the given message to the console.</doc>
<arguments>
<arg>${LinkText}</arg>
</arguments>
<status status="PASS" starttime="20200927 11:58:32.587" endtime="20200927 11:58:32.587"></status>
</kw>
<status status="PASS" starttime="20200927 11:58:32.540" endtime="20200927 11:58:32.587"></status>
</kw>
<kw name="${i} = 63" type="foritem">
<kw name="Log To Console" library="BuiltIn">
<doc>Logs the given message to the console.</doc>
<arguments>
<arg>${i}</arg>
</arguments>
<status status="PASS" starttime="20200927 11:58:32.587" endtime="20200927 11:58:32.587"></status>
</kw>
<kw name="Get Text" library="SeleniumLibrary">
<doc>Returns the text value of element identified by ``locator``.</doc>
<arguments>
<arg>xpath:(//a)[${i}]</arg>
</arguments>
<assign>
<var>${LinkText}</var>
</assign>
<msg timestamp="20200927 11:58:32.650" level="INFO">${LinkText} = </msg>
<status status="PASS" starttime="20200927 11:58:32.587" endtime="20200927 11:58:32.650"></status>
</kw>
<kw name="Log To Console" library="BuiltIn">
<doc>Logs the given message to the console.</doc>
<arguments>
<arg>${LinkText}</arg>
</arguments>
<status status="PASS" starttime="20200927 11:58:32.650" endtime="20200927 11:58:32.650"></status>
</kw>
<status status="PASS" starttime="20200927 11:58:32.587" endtime="20200927 11:58:32.650"></status>
</kw>
<kw name="${i} = 64" type="foritem">
<kw name="Log To Console" library="BuiltIn">
<doc>Logs the given message to the console.</doc>
<arguments>
<arg>${i}</arg>
</arguments>
<status status="PASS" starttime="20200927 11:58:32.650" endtime="20200927 11:58:32.650"></status>
</kw>
<kw name="Get Text" library="SeleniumLibrary">
<doc>Returns the text value of element identified by ``locator``.</doc>
<arguments>
<arg>xpath:(//a)[${i}]</arg>
</arguments>
<assign>
<var>${LinkText}</var>
</assign>
<msg timestamp="20200927 11:58:32.681" level="INFO">${LinkText} = </msg>
<status status="PASS" starttime="20200927 11:58:32.650" endtime="20200927 11:58:32.681"></status>
</kw>
<kw name="Log To Console" library="BuiltIn">
<doc>Logs the given message to the console.</doc>
<arguments>
<arg>${LinkText}</arg>
</arguments>
<status status="PASS" starttime="20200927 11:58:32.681" endtime="20200927 11:58:32.681"></status>
</kw>
<status status="PASS" starttime="20200927 11:58:32.650" endtime="20200927 11:58:32.681"></status>
</kw>
<kw name="${i} = 65" type="foritem">
<kw name="Log To Console" library="BuiltIn">
<doc>Logs the given message to the console.</doc>
<arguments>
<arg>${i}</arg>
</arguments>
<status status="PASS" starttime="20200927 11:58:32.681" endtime="20200927 11:58:32.681"></status>
</kw>
<kw name="Get Text" library="SeleniumLibrary">
<doc>Returns the text value of element identified by ``locator``.</doc>
<arguments>
<arg>xpath:(//a)[${i}]</arg>
</arguments>
<assign>
<var>${LinkText}</var>
</assign>
<msg timestamp="20200927 11:58:32.728" level="INFO">${LinkText} = </msg>
<status status="PASS" starttime="20200927 11:58:32.681" endtime="20200927 11:58:32.728"></status>
</kw>
<kw name="Log To Console" library="BuiltIn">
<doc>Logs the given message to the console.</doc>
<arguments>
<arg>${LinkText}</arg>
</arguments>
<status status="PASS" starttime="20200927 11:58:32.728" endtime="20200927 11:58:32.728"></status>
</kw>
<status status="PASS" starttime="20200927 11:58:32.681" endtime="20200927 11:58:32.728"></status>
</kw>
<kw name="${i} = 66" type="foritem">
<kw name="Log To Console" library="BuiltIn">
<doc>Logs the given message to the console.</doc>
<arguments>
<arg>${i}</arg>
</arguments>
<status status="PASS" starttime="20200927 11:58:32.728" endtime="20200927 11:58:32.728"></status>
</kw>
<kw name="Get Text" library="SeleniumLibrary">
<doc>Returns the text value of element identified by ``locator``.</doc>
<arguments>
<arg>xpath:(//a)[${i}]</arg>
</arguments>
<assign>
<var>${LinkText}</var>
</assign>
<msg timestamp="20200927 11:58:32.790" level="INFO">${LinkText} = </msg>
<status status="PASS" starttime="20200927 11:58:32.728" endtime="20200927 11:58:32.790"></status>
</kw>
<kw name="Log To Console" library="BuiltIn">
<doc>Logs the given message to the console.</doc>
<arguments>
<arg>${LinkText}</arg>
</arguments>
<status status="PASS" starttime="20200927 11:58:32.790" endtime="20200927 11:58:32.790"></status>
</kw>
<status status="PASS" starttime="20200927 11:58:32.728" endtime="20200927 11:58:32.790"></status>
</kw>
<kw name="${i} = 67" type="foritem">
<kw name="Log To Console" library="BuiltIn">
<doc>Logs the given message to the console.</doc>
<arguments>
<arg>${i}</arg>
</arguments>
<status status="PASS" starttime="20200927 11:58:32.790" endtime="20200927 11:58:32.790"></status>
</kw>
<kw name="Get Text" library="SeleniumLibrary">
<doc>Returns the text value of element identified by ``locator``.</doc>
<arguments>
<arg>xpath:(//a)[${i}]</arg>
</arguments>
<assign>
<var>${LinkText}</var>
</assign>
<msg timestamp="20200927 11:58:32.853" level="INFO">${LinkText} = </msg>
<status status="PASS" starttime="20200927 11:58:32.790" endtime="20200927 11:58:32.853"></status>
</kw>
<kw name="Log To Console" library="BuiltIn">
<doc>Logs the given message to the console.</doc>
<arguments>
<arg>${LinkText}</arg>
</arguments>
<status status="PASS" starttime="20200927 11:58:32.853" endtime="20200927 11:58:32.853"></status>
</kw>
<status status="PASS" starttime="20200927 11:58:32.790" endtime="20200927 11:58:32.853"></status>
</kw>
<kw name="${i} = 68" type="foritem">
<kw name="Log To Console" library="BuiltIn">
<doc>Logs the given message to the console.</doc>
<arguments>
<arg>${i}</arg>
</arguments>
<status status="PASS" starttime="20200927 11:58:32.853" endtime="20200927 11:58:32.853"></status>
</kw>
<kw name="Get Text" library="SeleniumLibrary">
<doc>Returns the text value of element identified by ``locator``.</doc>
<arguments>
<arg>xpath:(//a)[${i}]</arg>
</arguments>
<assign>
<var>${LinkText}</var>
</assign>
<msg timestamp="20200927 11:58:32.900" level="INFO">${LinkText} = </msg>
<status status="PASS" starttime="20200927 11:58:32.853" endtime="20200927 11:58:32.900"></status>
</kw>
<kw name="Log To Console" library="BuiltIn">
<doc>Logs the given message to the console.</doc>
<arguments>
<arg>${LinkText}</arg>
</arguments>
<status status="PASS" starttime="20200927 11:58:32.900" endtime="20200927 11:58:32.900"></status>
</kw>
<status status="PASS" starttime="20200927 11:58:32.853" endtime="20200927 11:58:32.900"></status>
</kw>
<kw name="${i} = 69" type="foritem">
<kw name="Log To Console" library="BuiltIn">
<doc>Logs the given message to the console.</doc>
<arguments>
<arg>${i}</arg>
</arguments>
<status status="PASS" starttime="20200927 11:58:32.900" endtime="20200927 11:58:32.900"></status>
</kw>
<kw name="Get Text" library="SeleniumLibrary">
<doc>Returns the text value of element identified by ``locator``.</doc>
<arguments>
<arg>xpath:(//a)[${i}]</arg>
</arguments>
<assign>
<var>${LinkText}</var>
</assign>
<msg timestamp="20200927 11:58:32.947" level="INFO">${LinkText} = </msg>
<status status="PASS" starttime="20200927 11:58:32.900" endtime="20200927 11:58:32.947"></status>
</kw>
<kw name="Log To Console" library="BuiltIn">
<doc>Logs the given message to the console.</doc>
<arguments>
<arg>${LinkText}</arg>
</arguments>
<status status="PASS" starttime="20200927 11:58:32.947" endtime="20200927 11:58:32.962"></status>
</kw>
<status status="PASS" starttime="20200927 11:58:32.900" endtime="20200927 11:58:32.962"></status>
</kw>
<kw name="${i} = 70" type="foritem">
<kw name="Log To Console" library="BuiltIn">
<doc>Logs the given message to the console.</doc>
<arguments>
<arg>${i}</arg>
</arguments>
<status status="PASS" starttime="20200927 11:58:32.962" endtime="20200927 11:58:32.962"></status>
</kw>
<kw name="Get Text" library="SeleniumLibrary">
<doc>Returns the text value of element identified by ``locator``.</doc>
<arguments>
<arg>xpath:(//a)[${i}]</arg>
</arguments>
<assign>
<var>${LinkText}</var>
</assign>
<msg timestamp="20200927 11:58:33.009" level="INFO">${LinkText} = প্রতিক্রিয়া</msg>
<status status="PASS" starttime="20200927 11:58:32.962" endtime="20200927 11:58:33.009"></status>
</kw>
<kw name="Log To Console" library="BuiltIn">
<doc>Logs the given message to the console.</doc>
<arguments>
<arg>${LinkText}</arg>
</arguments>
<status status="PASS" starttime="20200927 11:58:33.009" endtime="20200927 11:58:33.009"></status>
</kw>
<status status="PASS" starttime="20200927 11:58:32.962" endtime="20200927 11:58:33.009"></status>
</kw>
<kw name="${i} = 71" type="foritem">
<kw name="Log To Console" library="BuiltIn">
<doc>Logs the given message to the console.</doc>
<arguments>
<arg>${i}</arg>
</arguments>
<status status="PASS" starttime="20200927 11:58:33.009" endtime="20200927 11:58:33.009"></status>
</kw>
<kw name="Get Text" library="SeleniumLibrary">
<doc>Returns the text value of element identified by ``locator``.</doc>
<arguments>
<arg>xpath:(//a)[${i}]</arg>
</arguments>
<assign>
<var>${LinkText}</var>
</assign>
<msg timestamp="20200927 11:58:33.087" level="INFO">${LinkText} = All You Need To Know About Robot Framework With Python ...
medium.com › edureka</msg>
<status status="PASS" starttime="20200927 11:58:33.009" endtime="20200927 11:58:33.087"></status>
</kw>
<kw name="Log To Console" library="BuiltIn">
<doc>Logs the given message to the console.</doc>
<arguments>
<arg>${LinkText}</arg>
</arguments>
<status status="PASS" starttime="20200927 11:58:33.087" endtime="20200927 11:58:33.087"></status>
</kw>
<status status="PASS" starttime="20200927 11:58:33.009" endtime="20200927 11:58:33.087"></status>
</kw>
<kw name="${i} = 72" type="foritem">
<kw name="Log To Console" library="BuiltIn">
<doc>Logs the given message to the console.</doc>
<arguments>
<arg>${i}</arg>
</arguments>
<status status="PASS" starttime="20200927 11:58:33.087" endtime="20200927 11:58:33.087"></status>
</kw>
<kw name="Get Text" library="SeleniumLibrary">
<doc>Returns the text value of element identified by ``locator``.</doc>
<arguments>
<arg>xpath:(//a)[${i}]</arg>
</arguments>
<assign>
<var>${LinkText}</var>
</assign>
<msg timestamp="20200927 11:58:33.150" level="INFO">${LinkText} = </msg>
<status status="PASS" starttime="20200927 11:58:33.087" endtime="20200927 11:58:33.150"></status>
</kw>
<kw name="Log To Console" library="BuiltIn">
<doc>Logs the given message to the console.</doc>
<arguments>
<arg>${LinkText}</arg>
</arguments>
<status status="PASS" starttime="20200927 11:58:33.150" endtime="20200927 11:58:33.150"></status>
</kw>
<status status="PASS" starttime="20200927 11:58:33.087" endtime="20200927 11:58:33.150"></status>
</kw>
<kw name="${i} = 73" type="foritem">
<kw name="Log To Console" library="BuiltIn">
<doc>Logs the given message to the console.</doc>
<arguments>
<arg>${i}</arg>
</arguments>
<status status="PASS" starttime="20200927 11:58:33.150" endtime="20200927 11:58:33.150"></status>
</kw>
<kw name="Get Text" library="SeleniumLibrary">
<doc>Returns the text value of element identified by ``locator``.</doc>
<arguments>
<arg>xpath:(//a)[${i}]</arg>
</arguments>
<assign>
<var>${LinkText}</var>
</assign>
<msg timestamp="20200927 11:58:33.181" level="INFO">${LinkText} = </msg>
<status status="PASS" starttime="20200927 11:58:33.150" endtime="20200927 11:58:33.181"></status>
</kw>
<kw name="Log To Console" library="BuiltIn">
<doc>Logs the given message to the console.</doc>
<arguments>
<arg>${LinkText}</arg>
</arguments>
<status status="PASS" starttime="20200927 11:58:33.181" endtime="20200927 11:58:33.181"></status>
</kw>
<status status="PASS" starttime="20200927 11:58:33.150" endtime="20200927 11:58:33.181"></status>
</kw>
<kw name="${i} = 74" type="foritem">
<kw name="Log To Console" library="BuiltIn">
<doc>Logs the given message to the console.</doc>
<arguments>
<arg>${i}</arg>
</arguments>
<status status="PASS" starttime="20200927 11:58:33.197" endtime="20200927 11:58:33.197"></status>
</kw>
<kw name="Get Text" library="SeleniumLibrary">
<doc>Returns the text value of element identified by ``locator``.</doc>
<arguments>
<arg>xpath:(//a)[${i}]</arg>
</arguments>
<assign>
<var>${LinkText}</var>
</assign>
<msg timestamp="20200927 11:58:33.254" level="INFO">${LinkText} = পৃষ্ঠাটি অনুবাদ করুন</msg>
<status status="PASS" starttime="20200927 11:58:33.197" endtime="20200927 11:58:33.254"></status>
</kw>
<kw name="Log To Console" library="BuiltIn">
<doc>Logs the given message to the console.</doc>
<arguments>
<arg>${LinkText}</arg>
</arguments>
<status status="PASS" starttime="20200927 11:58:33.254" endtime="20200927 11:58:33.254"></status>
</kw>
<status status="PASS" starttime="20200927 11:58:33.181" endtime="20200927 11:58:33.254"></status>
</kw>
<kw name="${i} = 75" type="foritem">
<kw name="Log To Console" library="BuiltIn">
<doc>Logs the given message to the console.</doc>
<arguments>
<arg>${i}</arg>
</arguments>
<status status="PASS" starttime="20200927 11:58:33.254" endtime="20200927 11:58:33.254"></status>
</kw>
<kw name="Get Text" library="SeleniumLibrary">
<doc>Returns the text value of element identified by ``locator``.</doc>
<arguments>
<arg>xpath:(//a)[${i}]</arg>
</arguments>
<assign>
<var>${LinkText}</var>
</assign>
<msg timestamp="20200927 11:58:33.308" level="INFO">${LinkText} = Robot Framework - Test Automation University - Applitools
testautomationu.applitools.com › ...</msg>
<status status="PASS" starttime="20200927 11:58:33.254" endtime="20200927 11:58:33.308"></status>
</kw>
[...]
<doc>Logs the given message to the console.</doc>
<arguments>
<arg>${i}</arg>
</arguments>
<status status="PASS" starttime="20200927 11:58:35.903" endtime="20200927 11:58:35.903"></status>
</kw>
<kw name="Get Text" library="SeleniumLibrary">
<doc>Returns the text value of element identified by ``locator``.</doc>
<arguments>
<arg>xpath:(//a)[${i}]</arg>
</arguments>
<assign>
<var>${LinkText}</var>
</assign>
<msg timestamp="20200927 11:58:35.951" level="INFO">${LinkText} = </msg>
<status status="PASS" starttime="20200927 11:58:35.903" endtime="20200927 11:58:35.951"></status>
</kw>
<kw name="Log To Console" library="BuiltIn">
<doc>Logs the given message to the console.</doc>
<arguments>
<arg>${LinkText}</arg>
</arguments>
<status status="PASS" starttime="20200927 11:58:35.951" endtime="20200927 11:58:35.951"></status>
</kw>
<status status="PASS" starttime="20200927 11:58:35.903" endtime="20200927 11:58:35.951"></status>
</kw>
<kw name="${i} = 114" type="foritem">
<kw name="Log To Console" library="BuiltIn">
<doc>Logs the given message to the console.</doc>
<arguments>
<arg>${i}</arg>
</arguments>
<status status="PASS" starttime="20200927 11:58:35.951" endtime="20200927 11:58:35.951"></status>
</kw>
<kw name="Get Text" library="SeleniumLibrary">
<doc>Returns the text value of element identified by ``locator``.</doc>
<arguments>
<arg>xpath:(//a)[${i}]</arg>
</arguments>
<assign>
<var>${LinkText}</var>
</assign>
<msg timestamp="20200927 11:58:35.999" level="INFO">${LinkText} = </msg>
<status status="PASS" starttime="20200927 11:58:35.951" endtime="20200927 11:58:35.999"></status>
</kw>
<kw name="Log To Console" library="BuiltIn">
<doc>Logs the given message to the console.</doc>
<arguments>
<arg>${LinkText}</arg>
</arguments>
<status status="PASS" starttime="20200927 11:58:35.999" endtime="20200927 11:58:35.999"></status>
</kw>
<status status="PASS" starttime="20200927 11:58:35.951" endtime="20200927 11:58:35.999"></status>
</kw>
<kw name="${i} = 115" type="foritem">
<kw name="Log To Console" library="BuiltIn">
<doc>Logs the given message to the console.</doc>
<arguments>
<arg>${i}</arg>
</arguments>
<status status="PASS" starttime="20200927 11:58:35.999" endtime="20200927 11:58:35.999"></status>
</kw>
<kw name="Get Text" library="SeleniumLibrary">
<doc>Returns the text value of element identified by ``locator``.</doc>
<arguments>
<arg>xpath:(//a)[${i}]</arg>
</arguments>
<assign>
<var>${LinkText}</var>
</assign>
<msg timestamp="20200927 11:58:36.063" level="INFO">${LinkText} = সবগুলো দেখুন</msg>
<status status="PASS" starttime="20200927 11:58:35.999" endtime="20200927 11:58:36.063"></status>
</kw>
<kw name="Log To Console" library="BuiltIn">
<doc>Logs the given message to the console.</doc>
<arguments>
<arg>${LinkText}</arg>
</arguments>
<status status="PASS" starttime="20200927 11:58:36.071" endtime="20200927 11:58:36.071"></status>
</kw>
<status status="PASS" starttime="20200927 11:58:35.999" endtime="20200927 11:58:36.071"></status>
</kw>
<kw name="${i} = 116" type="foritem">
<kw name="Log To Console" library="BuiltIn">
<doc>Logs the given message to the console.</doc>
<arguments>
<arg>${i}</arg>
</arguments>
<status status="PASS" starttime="20200927 11:58:36.071" endtime="20200927 11:58:36.071"></status>
</kw>
<kw name="Get Text" library="SeleniumLibrary">
<doc>Returns the text value of element identified by ``locator``.</doc>
<arguments>
<arg>xpath:(//a)[${i}]</arg>
</arguments>
<assign>
<var>${LinkText}</var>
</assign>
<msg timestamp="20200927 11:58:36.145" level="INFO">${LinkText} = 2</msg>
<status status="PASS" starttime="20200927 11:58:36.071" endtime="20200927 11:58:36.145"></status>
</kw>
<kw name="Log To Console" library="BuiltIn">
<doc>Logs the given message to the console.</doc>
<arguments>
<arg>${LinkText}</arg>
</arguments>
<status status="PASS" starttime="20200927 11:58:36.145" endtime="20200927 11:58:36.145"></status>
</kw>
<status status="PASS" starttime="20200927 11:58:36.071" endtime="20200927 11:58:36.145"></status>
</kw>
<kw name="${i} = 117" type="foritem">
<kw name="Log To Console" library="BuiltIn">
<doc>Logs the given message to the console.</doc>
<arguments>
<arg>${i}</arg>
</arguments>
<status status="PASS" starttime="20200927 11:58:36.145" endtime="20200927 11:58:36.145"></status>
</kw>
<kw name="Get Text" library="SeleniumLibrary">
<doc>Returns the text value of element identified by ``locator``.</doc>
<arguments>
<arg>xpath:(//a)[${i}]</arg>
</arguments>
<assign>
<var>${LinkText}</var>
</assign>
<msg timestamp="20200927 11:58:36.217" level="INFO">${LinkText} = 3</msg>
<status status="PASS" starttime="20200927 11:58:36.145" endtime="20200927 11:58:36.217"></status>
</kw>
<kw name="Log To Console" library="BuiltIn">
<doc>Logs the given message to the console.</doc>
<arguments>
<arg>${LinkText}</arg>
</arguments>
<status status="PASS" starttime="20200927 11:58:36.217" endtime="20200927 11:58:36.217"></status>
</kw>
<status status="PASS" starttime="20200927 11:58:36.145" endtime="20200927 11:58:36.217"></status>
</kw>
<kw name="${i} = 118" type="foritem">
<kw name="Log To Console" library="BuiltIn">
<doc>Logs the given message to the console.</doc>
<arguments>
<arg>${i}</arg>
</arguments>
<status status="PASS" starttime="20200927 11:58:36.217" endtime="20200927 11:58:36.217"></status>
</kw>
<kw name="Get Text" library="SeleniumLibrary">
<doc>Returns the text value of element identified by ``locator``.</doc>
<arguments>
<arg>xpath:(//a)[${i}]</arg>
</arguments>
<assign>
<var>${LinkText}</var>
</assign>
<msg timestamp="20200927 11:58:36.281" level="INFO">${LinkText} = 4</msg>
<status status="PASS" starttime="20200927 11:58:36.217" endtime="20200927 11:58:36.281"></status>
</kw>
<kw name="Log To Console" library="BuiltIn">
<doc>Logs the given message to the console.</doc>
<arguments>
<arg>${LinkText}</arg>
</arguments>
<status status="PASS" starttime="20200927 11:58:36.281" endtime="20200927 11:58:36.281"></status>
</kw>
<status status="PASS" starttime="20200927 11:58:36.217" endtime="20200927 11:58:36.281"></status>
</kw>
<kw name="${i} = 119" type="foritem">
<kw name="Log To Console" library="BuiltIn">
<doc>Logs the given message to the console.</doc>
<arguments>
<arg>${i}</arg>
</arguments>
<status status="PASS" starttime="20200927 11:58:36.281" endtime="20200927 11:58:36.281"></status>
</kw>
<kw name="Get Text" library="SeleniumLibrary">
<doc>Returns the text value of element identified by ``locator``.</doc>
<arguments>
<arg>xpath:(//a)[${i}]</arg>
</arguments>
<assign>
<var>${LinkText}</var>
</assign>
<msg timestamp="20200927 11:58:36.337" level="INFO">${LinkText} = 5</msg>
<status status="PASS" starttime="20200927 11:58:36.281" endtime="20200927 11:58:36.337"></status>
</kw>
<kw name="Log To Console" library="BuiltIn">
<doc>Logs the given message to the console.</doc>
<arguments>
<arg>${LinkText}</arg>
</arguments>
<status status="PASS" starttime="20200927 11:58:36.337" endtime="20200927 11:58:36.345"></status>
</kw>
<status status="PASS" starttime="20200927 11:58:36.281" endtime="20200927 11:58:36.345"></status>
</kw>
<kw name="${i} = 120" type="foritem">
<kw name="Log To Console" library="BuiltIn">
<doc>Logs the given message to the console.</doc>
<arguments>
<arg>${i}</arg>
</arguments>
<status status="PASS" starttime="20200927 11:58:36.345" endtime="20200927 11:58:36.345"></status>
</kw>
<kw name="Get Text" library="SeleniumLibrary">
<doc>Returns the text value of element identified by ``locator``.</doc>
<arguments>
<arg>xpath:(//a)[${i}]</arg>
</arguments>
<assign>
<var>${LinkText}</var>
</assign>
<msg timestamp="20200927 11:58:36.409" level="INFO">${LinkText} = 6</msg>
<status status="PASS" starttime="20200927 11:58:36.345" endtime="20200927 11:58:36.409"></status>
</kw>
<kw name="Log To Console" library="BuiltIn">
<doc>Logs the given message to the console.</doc>
<arguments>
<arg>${LinkText}</arg>
</arguments>
<status status="PASS" starttime="20200927 11:58:36.409" endtime="20200927 11:58:36.409"></status>
</kw>
<status status="PASS" starttime="20200927 11:58:36.345" endtime="20200927 11:58:36.409"></status>
</kw>
<kw name="${i} = 121" type="foritem">
<kw name="Log To Console" library="BuiltIn">
<doc>Logs the given message to the console.</doc>
<arguments>
<arg>${i}</arg>
</arguments>
<status status="PASS" starttime="20200927 11:58:36.409" endtime="20200927 11:58:36.417"></status>
</kw>
<kw name="Get Text" library="SeleniumLibrary">
<doc>Returns the text value of element identified by ``locator``.</doc>
<arguments>
<arg>xpath:(//a)[${i}]</arg>
</arguments>
<assign>
<var>${LinkText}</var>
</assign>
<msg timestamp="20200927 11:58:36.481" level="INFO">${LinkText} = 7</msg>
<status status="PASS" starttime="20200927 11:58:36.417" endtime="20200927 11:58:36.481"></status>
</kw>
<kw name="Log To Console" library="BuiltIn">
<doc>Logs the given message to the console.</doc>
<arguments>
<arg>${LinkText}</arg>
</arguments>
<status status="PASS" starttime="20200927 11:58:36.481" endtime="20200927 11:58:36.481"></status>
</kw>
<status status="PASS" starttime="20200927 11:58:36.409" endtime="20200927 11:58:36.481"></status>
</kw>
<kw name="${i} = 122" type="foritem">
<kw name="Log To Console" library="BuiltIn">
<doc>Logs the given message to the console.</doc>
<arguments>
<arg>${i}</arg>
</arguments>
<status status="PASS" starttime="20200927 11:58:36.481" endtime="20200927 11:58:36.481"></status>
</kw>
<kw name="Get Text" library="SeleniumLibrary">
<doc>Returns the text value of element identified by ``locator``.</doc>
<arguments>
<arg>xpath:(//a)[${i}]</arg>
</arguments>
<assign>
<var>${LinkText}</var>
</assign>
<msg timestamp="20200927 11:58:36.545" level="INFO">${LinkText} = 8</msg>
<status status="PASS" starttime="20200927 11:58:36.481" endtime="20200927 11:58:36.545"></status>
</kw>
<kw name="Log To Console" library="BuiltIn">
<doc>Logs the given message to the console.</doc>
<arguments>
<arg>${LinkText}</arg>
</arguments>
<status status="PASS" starttime="20200927 11:58:36.545" endtime="20200927 11:58:36.545"></status>
</kw>
<status status="PASS" starttime="20200927 11:58:36.481" endtime="20200927 11:58:36.545"></status>
</kw>
<kw name="${i} = 123" type="foritem">
<kw name="Log To Console" library="BuiltIn">
<doc>Logs the given message to the console.</doc>
<arguments>
<arg>${i}</arg>
</arguments>
<status status="PASS" starttime="20200927 11:58:36.545" endtime="20200927 11:58:36.545"></status>
</kw>
<kw name="Get Text" library="SeleniumLibrary">
<doc>Returns the text value of element identified by ``locator``.</doc>
<arguments>
<arg>xpath:(//a)[${i}]</arg>
</arguments>
<assign>
<var>${LinkText}</var>
</assign>
<msg timestamp="20200927 11:58:36.617" level="INFO">${LinkText} = 9</msg>
<status status="PASS" starttime="20200927 11:58:36.545" endtime="20200927 11:58:36.617"></status>
</kw>
<kw name="Log To Console" library="BuiltIn">
<doc>Logs the given message to the console.</doc>
<arguments>
<arg>${LinkText}</arg>
</arguments>
<status status="PASS" starttime="20200927 11:58:36.617" endtime="20200927 11:58:36.617"></status>
</kw>
<status status="PASS" starttime="20200927 11:58:36.545" endtime="20200927 11:58:36.617"></status>
</kw>
<kw name="${i} = 124" type="foritem">
<kw name="Log To Console" library="BuiltIn">
<doc>Logs the given message to the console.</doc>
<arguments>
<arg>${i}</arg>
</arguments>
<status status="PASS" starttime="20200927 11:58:36.617" endtime="20200927 11:58:36.617"></status>
</kw>
<kw name="Get Text" library="SeleniumLibrary">
<doc>Returns the text value of element identified by ``locator``.</doc>
<arguments>
<arg>xpath:(//a)[${i}]</arg>
</arguments>
<assign>
<var>${LinkText}</var>
</assign>
<msg timestamp="20200927 11:58:36.681" level="INFO">${LinkText} = 10</msg>
<status status="PASS" starttime="20200927 11:58:36.617" endtime="20200927 11:58:36.681"></status>
</kw>
<kw name="Log To Console" library="BuiltIn">
<doc>Logs the given message to the console.</doc>
<arguments>
<arg>${LinkText}</arg>
</arguments>
<status status="PASS" starttime="20200927 11:58:36.681" endtime="20200927 11:58:36.681"></status>
</kw>
<status status="PASS" starttime="20200927 11:58:36.617" endtime="20200927 11:58:36.681"></status>
</kw>
<kw name="${i} = 125" type="foritem">
<kw name="Log To Console" library="BuiltIn">
<doc>Logs the given message to the console.</doc>
<arguments>
<arg>${i}</arg>
</arguments>
<status status="PASS" starttime="20200927 11:58:36.681" endtime="20200927 11:58:36.681"></status>
</kw>
<kw name="Get Text" library="SeleniumLibrary">
<doc>Returns the text value of element identified by ``locator``.</doc>
<arguments>
<arg>xpath:(//a)[${i}]</arg>
</arguments>
<assign>
<var>${LinkText}</var>
</assign>
<msg timestamp="20200927 11:58:36.729" level="INFO">${LinkText} = পরবর্তী</msg>
<status status="PASS" starttime="20200927 11:58:36.681" endtime="20200927 11:58:36.737"></status>
</kw>
<kw name="Log To Console" library="BuiltIn">
<doc>Logs the given message to the console.</doc>
<arguments>
<arg>${LinkText}</arg>
</arguments>
<status status="PASS" starttime="20200927 11:58:36.737" endtime="20200927 11:58:36.737"></status>
</kw>
<status status="PASS" starttime="20200927 11:58:36.681" endtime="20200927 11:58:36.737"></status>
</kw>
<kw name="${i} = 126" type="foritem">
<kw name="Log To Console" library="BuiltIn">
<doc>Logs the given message to the console.</doc>
<arguments>
<arg>${i}</arg>
</arguments>
<status status="PASS" starttime="20200927 11:58:36.737" endtime="20200927 11:58:36.737"></status>
</kw>
<kw name="Get Text" library="SeleniumLibrary">
<doc>Returns the text value of element identified by ``locator``.</doc>
<arguments>
<arg>xpath:(//a)[${i}]</arg>
</arguments>
<assign>
<var>${LinkText}</var>
</assign>
<msg timestamp="20200927 11:58:36.785" level="INFO">${LinkText} = </msg>
<status status="PASS" starttime="20200927 11:58:36.737" endtime="20200927 11:58:36.785"></status>
</kw>
<kw name="Log To Console" library="BuiltIn">
<doc>Logs the given message to the console.</doc>
<arguments>
<arg>${LinkText}</arg>
</arguments>
<status status="PASS" starttime="20200927 11:58:36.785" endtime="20200927 11:58:36.785"></status>
</kw>
<status status="PASS" starttime="20200927 11:58:36.737" endtime="20200927 11:58:36.785"></status>
</kw>
<kw name="${i} = 127" type="foritem">
<kw name="Log To Console" library="BuiltIn">
<doc>Logs the given message to the console.</doc>
<arguments>
<arg>${i}</arg>
</arguments>
<status status="PASS" starttime="20200927 11:58:36.785" endtime="20200927 11:58:36.785"></status>
</kw>
<kw name="Get Text" library="SeleniumLibrary">
<doc>Returns the text value of element identified by ``locator``.</doc>
<arguments>
<arg>xpath:(//a)[${i}]</arg>
</arguments>
<assign>
<var>${LinkText}</var>
</assign>
<msg timestamp="20200927 11:58:36.849" level="INFO">${LinkText} = যথাযথ লোকেশন ব্যবহার করুন</msg>
<status status="PASS" starttime="20200927 11:58:36.793" endtime="20200927 11:58:36.849"></status>
</kw>
<kw name="Log To Console" library="BuiltIn">
<doc>Logs the given message to the console.</doc>
<arguments>
<arg>${LinkText}</arg>
</arguments>
<status status="PASS" starttime="20200927 11:58:36.849" endtime="20200927 11:58:36.849"></status>
</kw>
<status status="PASS" starttime="20200927 11:58:36.785" endtime="20200927 11:58:36.849"></status>
</kw>
<kw name="${i} = 128" type="foritem">
<kw name="Log To Console" library="BuiltIn">
<doc>Logs the given message to the console.</doc>
<arguments>
<arg>${i}</arg>
</arguments>
<status status="PASS" starttime="20200927 11:58:36.849" endtime="20200927 11:58:36.849"></status>
</kw>
<kw name="Get Text" library="SeleniumLibrary">
<doc>Returns the text value of element identified by ``locator``.</doc>
<arguments>
<arg>xpath:(//a)[${i}]</arg>
</arguments>
<assign>
<var>${LinkText}</var>
</assign>
<msg timestamp="20200927 11:58:36.905" level="INFO">${LinkText} = আরও জানুন</msg>
<status status="PASS" starttime="20200927 11:58:36.849" endtime="20200927 11:58:36.905"></status>
</kw>
<kw name="Log To Console" library="BuiltIn">
<doc>Logs the given message to the console.</doc>
<arguments>
<arg>${LinkText}</arg>
</arguments>
<status status="PASS" starttime="20200927 11:58:36.905" endtime="20200927 11:58:36.905"></status>
</kw>
<status status="PASS" starttime="20200927 11:58:36.849" endtime="20200927 11:58:36.905"></status>
</kw>
<kw name="${i} = 129" type="foritem">
<kw name="Log To Console" library="BuiltIn">
<doc>Logs the given message to the console.</doc>
<arguments>
<arg>${i}</arg>
</arguments>
<status status="PASS" starttime="20200927 11:58:36.905" endtime="20200927 11:58:36.913"></status>
</kw>
<kw name="Get Text" library="SeleniumLibrary">
<doc>Returns the text value of element identified by ``locator``.</doc>
<arguments>
<arg>xpath:(//a)[${i}]</arg>
</arguments>
<assign>
<var>${LinkText}</var>
</assign>
<msg timestamp="20200927 11:58:36.961" level="INFO">${LinkText} = সহায়তা</msg>
<status status="PASS" starttime="20200927 11:58:36.913" endtime="20200927 11:58:36.961"></status>
</kw>
<kw name="Log To Console" library="BuiltIn">
<doc>Logs the given message to the console.</doc>
<arguments>
<arg>${LinkText}</arg>
</arguments>
<status status="PASS" starttime="20200927 11:58:36.961" endtime="20200927 11:58:36.961"></status>
</kw>
<status status="PASS" starttime="20200927 11:58:36.905" endtime="20200927 11:58:36.961"></status>
</kw>
<kw name="${i} = 130" type="foritem">
<kw name="Log To Console" library="BuiltIn">
<doc>Logs the given message to the console.</doc>
<arguments>
<arg>${i}</arg>
</arguments>
<status status="PASS" starttime="20200927 11:58:36.961" endtime="20200927 11:58:36.961"></status>
</kw>
<kw name="Get Text" library="SeleniumLibrary">
<doc>Returns the text value of element identified by ``locator``.</doc>
<arguments>
<arg>xpath:(//a)[${i}]</arg>
</arguments>
<assign>
<var>${LinkText}</var>
</assign>
<msg timestamp="20200927 11:58:37.001" level="INFO">${LinkText} = মতামত দিন</msg>
<status status="PASS" starttime="20200927 11:58:36.961" endtime="20200927 11:58:37.001"></status>
</kw>
<kw name="Log To Console" library="BuiltIn">
<doc>Logs the given message to the console.</doc>
<arguments>
<arg>${LinkText}</arg>
</arguments>
<status status="PASS" starttime="20200927 11:58:37.001" endtime="20200927 11:58:37.001"></status>
</kw>
<status status="PASS" starttime="20200927 11:58:36.961" endtime="20200927 11:58:37.001"></status>
</kw>
<kw name="${i} = 131" type="foritem">
<kw name="Log To Console" library="BuiltIn">
<doc>Logs the given message to the console.</doc>
<arguments>
<arg>${i}</arg>
</arguments>
<status status="PASS" starttime="20200927 11:58:37.001" endtime="20200927 11:58:37.001"></status>
</kw>
<kw name="Get Text" library="SeleniumLibrary">
<doc>Returns the text value of element identified by ``locator``.</doc>
<arguments>
<arg>xpath:(//a)[${i}]</arg>
</arguments>
<assign>
<var>${LinkText}</var>
</assign>
<msg timestamp="20200927 11:58:37.049" level="INFO">${LinkText} = গোপনীয়তা</msg>
<status status="PASS" starttime="20200927 11:58:37.001" endtime="20200927 11:58:37.049"></status>
</kw>
<kw name="Log To Console" library="BuiltIn">
<doc>Logs the given message to the console.</doc>
<arguments>
<arg>${LinkText}</arg>
</arguments>
<status status="PASS" starttime="20200927 11:58:37.049" endtime="20200927 11:58:37.049"></status>
</kw>
<status status="PASS" starttime="20200927 11:58:37.001" endtime="20200927 11:58:37.049"></status>
</kw>
<status status="PASS" starttime="20200927 11:58:29.100" endtime="20200927 11:58:37.049"></status>
</kw>
<status status="PASS" starttime="20200927 11:58:22.853" endtime="20200927 11:58:37.049" critical="yes"></status>
</test>
<status status="PASS" starttime="20200927 11:58:22.509" endtime="20200927 11:58:37.057"></status>
</suite>
<statistics>
<total>
<stat pass="1" fail="0">Critical Tests</stat>
<stat pass="1" fail="0">All Tests</stat>
</total>
<tag>
</tag>
<suite>
<stat pass="1" fail="0" id="s1" name="Links">Links</stat>
</suite>
</statistics>
<errors>
</errors>
</robot>
